2022-05-11 00:29:52.850  INFO [Bluewaterdataservice,,] 44624 --- [main] c.b.d.b.BluewaterdataserviceApplication  : Starting BluewaterdataserviceApplication v0.0.1-SNAPSHOT using Java 15 on DESKTOP-F6VKB7S with PID 44624 (C:\mydata\myjava\MyMicroservice\bluewaterdataservice\target\bluewaterdataservice-0.0.1-SNAPSHOT.jar started by Chung2 in C:\mydata\myjava\MyMicroservice\bluewaterdataservice)
2022-05-11 00:29:52.861  INFO [Bluewaterdataservice,,] 44624 --- [main] c.b.d.b.BluewaterdataserviceApplication  : No active profile set, falling back to 1 default profile: "default"
2022-05-11 00:29:53.939  INFO [Bluewaterdataservice,,] 44624 --- [main] o.s.cloud.context.scope.GenericScope     : BeanFactory id=2044660a-89b1-3df7-87f2-d8ebde038d3c
2022-05-11 00:29:54.788  INFO [Bluewaterdataservice,,] 44624 --- [main] o.s.b.w.embedded.tomcat.TomcatWebServer  : Tomcat initialized with port(s): 8888 (http)
2022-05-11 00:29:54.801  INFO [Bluewaterdataservice,,] 44624 --- [main] o.apache.catalina.core.StandardService   : Starting service [Tomcat]
2022-05-11 00:29:54.802  INFO [Bluewaterdataservice,,] 44624 --- [main] org.apache.catalina.core.StandardEngine  : Starting Servlet engine: [Apache Tomcat/9.0.58]
2022-05-11 00:29:54.877  INFO [Bluewaterdataservice,,] 44624 --- [main] o.a.c.c.C.[Tomcat].[localhost].[/]       : Initializing Spring embedded WebApplicationContext
2022-05-11 00:29:54.878  INFO [Bluewaterdataservice,,] 44624 --- [main] w.s.c.ServletWebServerApplicationContext : Root WebApplicationContext: initialization completed in 1946 ms
2022-05-11 00:29:56.168  INFO [Bluewaterdataservice,,] 44624 --- [main] DiscoveryClientOptionalArgsConfiguration : Eureka HTTP Client uses RestTemplate.
2022-05-11 00:29:56.582  WARN [Bluewaterdataservice,,] 44624 --- [main] iguration$LoadBalancerCaffeineWarnLogger : Spring Cloud LoadBalancer is currently working with the default cache. While this cache implementation is useful for development and tests, it's recommended to use Caffeine cache in production.You can switch to using Caffeine cache, by adding it and org.springframework.cache.caffeine.CaffeineCacheManager to the classpath.
2022-05-11 00:29:56.659  INFO [Bluewaterdataservice,,] 44624 --- [main] o.s.c.n.eureka.InstanceInfoFactory       : Setting initial instance status as: STARTING
2022-05-11 00:29:57.286  INFO [Bluewaterdataservice,,] 44624 --- [main] o.s.c.n.e.s.EurekaServiceRegistry        : Registering application BLUEWATERDATASERVICE with eureka with status UP
2022-05-11 00:29:57.318  INFO [Bluewaterdataservice,,] 44624 --- [main] o.s.b.w.embedded.tomcat.TomcatWebServer  : Tomcat started on port(s): 8888 (http) with context path ''
2022-05-11 00:29:57.319  INFO [Bluewaterdataservice,,] 44624 --- [main] .s.c.n.e.s.EurekaAutoServiceRegistration : Updating port to 8888
2022-05-11 00:29:57.493  INFO [Bluewaterdataservice,,] 44624 --- [main] c.b.d.b.BluewaterdataserviceApplication  : Started BluewaterdataserviceApplication in 5.379 seconds (JVM running for 5.895)
2022-05-11 00:30:20.020  INFO [Bluewaterdataservice,,] 38880 --- [main] c.b.d.b.BluewaterdataserviceApplication  : Starting BluewaterdataserviceApplication v0.0.1-SNAPSHOT using Java 15 on DESKTOP-F6VKB7S with PID 38880 (C:\mydata\myjava\MyMicroservice\bluewaterdataservice\target\bluewaterdataservice-0.0.1-SNAPSHOT.jar started by Chung2 in C:\mydata\myjava\MyMicroservice\bluewaterdataservice)
2022-05-11 00:30:20.023  INFO [Bluewaterdataservice,,] 38880 --- [main] c.b.d.b.BluewaterdataserviceApplication  : No active profile set, falling back to 1 default profile: "default"
2022-05-11 00:30:21.037  INFO [Bluewaterdataservice,,] 38880 --- [main] o.s.cloud.context.scope.GenericScope     : BeanFactory id=2044660a-89b1-3df7-87f2-d8ebde038d3c
2022-05-11 00:30:21.740  INFO [Bluewaterdataservice,,] 38880 --- [main] o.s.b.w.embedded.tomcat.TomcatWebServer  : Tomcat initialized with port(s): 8889 (http)
2022-05-11 00:30:21.772  INFO [Bluewaterdataservice,,] 38880 --- [main] o.apache.catalina.core.StandardService   : Starting service [Tomcat]
2022-05-11 00:30:21.813  INFO [Bluewaterdataservice,,] 38880 --- [main] org.apache.catalina.core.StandardEngine  : Starting Servlet engine: [Apache Tomcat/9.0.58]
2022-05-11 00:30:21.885  INFO [Bluewaterdataservice,,] 38880 --- [main] o.a.c.c.C.[Tomcat].[localhost].[/]       : Initializing Spring embedded WebApplicationContext
2022-05-11 00:30:21.914  INFO [Bluewaterdataservice,,] 38880 --- [main] w.s.c.ServletWebServerApplicationContext : Root WebApplicationContext: initialization completed in 1850 ms
2022-05-11 00:30:23.297  INFO [Bluewaterdataservice,,] 38880 --- [main] DiscoveryClientOptionalArgsConfiguration : Eureka HTTP Client uses RestTemplate.
2022-05-11 00:30:23.762  WARN [Bluewaterdataservice,,] 38880 --- [main] iguration$LoadBalancerCaffeineWarnLogger : Spring Cloud LoadBalancer is currently working with the default cache. While this cache implementation is useful for development and tests, it's recommended to use Caffeine cache in production.You can switch to using Caffeine cache, by adding it and org.springframework.cache.caffeine.CaffeineCacheManager to the classpath.
2022-05-11 00:30:23.850  INFO [Bluewaterdataservice,,] 38880 --- [main] o.s.c.n.eureka.InstanceInfoFactory       : Setting initial instance status as: STARTING
2022-05-11 00:30:24.446  INFO [Bluewaterdataservice,,] 38880 --- [main] o.s.c.n.e.s.EurekaServiceRegistry        : Registering application BLUEWATERDATASERVICE with eureka with status UP
2022-05-11 00:30:24.471  INFO [Bluewaterdataservice,,] 38880 --- [main] o.s.b.w.embedded.tomcat.TomcatWebServer  : Tomcat started on port(s): 8889 (http) with context path ''
2022-05-11 00:30:24.472  INFO [Bluewaterdataservice,,] 38880 --- [main] .s.c.n.e.s.EurekaAutoServiceRegistration : Updating port to 8889
2022-05-11 00:30:24.640  INFO [Bluewaterdataservice,,] 38880 --- [main] c.b.d.b.BluewaterdataserviceApplication  : Started BluewaterdataserviceApplication in 5.239 seconds (JVM running for 5.688)
2022-05-11 00:30:49.976  INFO [Bluewaterdataservice,,] 46728 --- [main] c.b.d.b.BluewaterdataserviceApplication  : Starting BluewaterdataserviceApplication v0.0.1-SNAPSHOT using Java 15 on DESKTOP-F6VKB7S with PID 46728 (C:\mydata\myjava\MyMicroservice\bluewaterdataservice\target\bluewaterdataservice-0.0.1-SNAPSHOT.jar started by Chung2 in C:\mydata\myjava\MyMicroservice\bluewaterdataservice)
2022-05-11 00:30:49.979  INFO [Bluewaterdataservice,,] 46728 --- [main] c.b.d.b.BluewaterdataserviceApplication  : No active profile set, falling back to 1 default profile: "default"
2022-05-11 00:30:50.968  INFO [Bluewaterdataservice,,] 46728 --- [main] o.s.cloud.context.scope.GenericScope     : BeanFactory id=2044660a-89b1-3df7-87f2-d8ebde038d3c
2022-05-11 00:30:51.742  INFO [Bluewaterdataservice,,] 46728 --- [main] o.s.b.w.embedded.tomcat.TomcatWebServer  : Tomcat initialized with port(s): 8890 (http)
2022-05-11 00:30:51.762  INFO [Bluewaterdataservice,,] 46728 --- [main] o.apache.catalina.core.StandardService   : Starting service [Tomcat]
2022-05-11 00:30:51.767  INFO [Bluewaterdataservice,,] 46728 --- [main] org.apache.catalina.core.StandardEngine  : Starting Servlet engine: [Apache Tomcat/9.0.58]
2022-05-11 00:30:51.867  INFO [Bluewaterdataservice,,] 46728 --- [main] o.a.c.c.C.[Tomcat].[localhost].[/]       : Initializing Spring embedded WebApplicationContext
2022-05-11 00:30:51.869  INFO [Bluewaterdataservice,,] 46728 --- [main] w.s.c.ServletWebServerApplicationContext : Root WebApplicationContext: initialization completed in 1848 ms
2022-05-11 00:30:53.384  INFO [Bluewaterdataservice,,] 46728 --- [main] DiscoveryClientOptionalArgsConfiguration : Eureka HTTP Client uses RestTemplate.
2022-05-11 00:30:53.861  WARN [Bluewaterdataservice,,] 46728 --- [main] iguration$LoadBalancerCaffeineWarnLogger : Spring Cloud LoadBalancer is currently working with the default cache. While this cache implementation is useful for development and tests, it's recommended to use Caffeine cache in production.You can switch to using Caffeine cache, by adding it and org.springframework.cache.caffeine.CaffeineCacheManager to the classpath.
2022-05-11 00:30:53.961  INFO [Bluewaterdataservice,,] 46728 --- [main] o.s.c.n.eureka.InstanceInfoFactory       : Setting initial instance status as: STARTING
2022-05-11 00:30:54.623  INFO [Bluewaterdataservice,,] 46728 --- [main] o.s.c.n.e.s.EurekaServiceRegistry        : Registering application BLUEWATERDATASERVICE with eureka with status UP
2022-05-11 00:30:54.654  INFO [Bluewaterdataservice,,] 46728 --- [main] o.s.b.w.embedded.tomcat.TomcatWebServer  : Tomcat started on port(s): 8890 (http) with context path ''
2022-05-11 00:30:54.655  INFO [Bluewaterdataservice,,] 46728 --- [main] .s.c.n.e.s.EurekaAutoServiceRegistration : Updating port to 8890
2022-05-11 00:30:54.826  INFO [Bluewaterdataservice,,] 46728 --- [main] c.b.d.b.BluewaterdataserviceApplication  : Started BluewaterdataserviceApplication in 5.479 seconds (JVM running for 5.936)
2022-05-11 00:31:43.517  INFO [Bluewaterdataservice,4b3668a8fa596945,4b3668a8fa596945] 46728 --- [http-nio-8890-exec-1] o.a.c.c.C.[Tomcat].[localhost].[/]       : Initializing Spring DispatcherServlet 'dispatcherServlet'
2022-05-11 00:31:43.518  INFO [Bluewaterdataservice,4b3668a8fa596945,4b3668a8fa596945] 46728 --- [http-nio-8890-exec-1] o.s.web.servlet.DispatcherServlet        : Initializing Servlet 'dispatcherServlet'
2022-05-11 00:31:43.521  INFO [Bluewaterdataservice,4b3668a8fa596945,4b3668a8fa596945] 46728 --- [http-nio-8890-exec-1] o.s.web.servlet.DispatcherServlet        : Completed initialization in 1 ms
2022-05-11 00:37:16.918  INFO [Bluewaterdataservice,837f915a5d68b35c,837f915a5d68b35c] 44624 --- [http-nio-8888-exec-1] o.a.c.c.C.[Tomcat].[localhost].[/]       : Initializing Spring DispatcherServlet 'dispatcherServlet'
2022-05-11 00:37:16.918  INFO [Bluewaterdataservice,837f915a5d68b35c,837f915a5d68b35c] 44624 --- [http-nio-8888-exec-1] o.s.web.servlet.DispatcherServlet        : Initializing Servlet 'dispatcherServlet'
2022-05-11 00:37:16.933  INFO [Bluewaterdataservice,837f915a5d68b35c,837f915a5d68b35c] 44624 --- [http-nio-8888-exec-1] o.s.web.servlet.DispatcherServlet        : Completed initialization in 3 ms
2022-05-11 00:37:16.956  INFO [Bluewaterdataservice,837f915a5d68b35c,837f915a5d68b35c] 44624 --- [http-nio-8888-exec-1] c.b.d.b.MainController                   : Hello World from Bluewater main controller!
2022-05-11 00:37:40.105  INFO [Bluewaterdataservice,68e33c74da933546,68e33c74da933546] 44624 --- [http-nio-8888-exec-2] c.b.d.b.MainController                   : Hello World from Bluewater main controller!
2022-05-11 00:37:40.647  INFO [Bluewaterdataservice,f914471cb89d6cbc,f914471cb89d6cbc] 44624 --- [http-nio-8888-exec-3] c.b.d.b.MainController                   : Hello World from Bluewater main controller!
2022-05-11 00:37:41.054  INFO [Bluewaterdataservice,733af291bc6663da,733af291bc6663da] 44624 --- [http-nio-8888-exec-4] c.b.d.b.MainController                   : Hello World from Bluewater main controller!
2022-05-11 00:37:41.283  INFO [Bluewaterdataservice,d4152653cca0fa21,d4152653cca0fa21] 44624 --- [http-nio-8888-exec-5] c.b.d.b.MainController                   : Hello World from Bluewater main controller!
2022-05-11 00:37:41.508  INFO [Bluewaterdataservice,acb230a32729dfa9,acb230a32729dfa9] 44624 --- [http-nio-8888-exec-6] c.b.d.b.MainController                   : Hello World from Bluewater main controller!
2022-05-11 00:37:41.729  INFO [Bluewaterdataservice,8d8750d64cecb192,8d8750d64cecb192] 44624 --- [http-nio-8888-exec-7] c.b.d.b.MainController                   : Hello World from Bluewater main controller!
2022-05-11 00:37:41.972  INFO [Bluewaterdataservice,daea9c88beae1ae9,daea9c88beae1ae9] 44624 --- [http-nio-8888-exec-8] c.b.d.b.MainController                   : Hello World from Bluewater main controller!
2022-05-11 00:37:42.192  INFO [Bluewaterdataservice,b9ddf86885536765,b9ddf86885536765] 44624 --- [http-nio-8888-exec-9] c.b.d.b.MainController                   : Hello World from Bluewater main controller!
2022-05-11 00:37:42.393  INFO [Bluewaterdataservice,d8cd8fe4cdb58ce1,d8cd8fe4cdb58ce1] 44624 --- [http-nio-8888-exec-10] c.b.d.b.MainController                   : Hello World from Bluewater main controller!
2022-05-11 00:37:42.600  INFO [Bluewaterdataservice,38f1b0590c3dfc22,38f1b0590c3dfc22] 44624 --- [http-nio-8888-exec-1] c.b.d.b.MainController                   : Hello World from Bluewater main controller!
2022-05-11 00:37:42.828  INFO [Bluewaterdataservice,71f1aaebc0cd633b,71f1aaebc0cd633b] 44624 --- [http-nio-8888-exec-2] c.b.d.b.MainController                   : Hello World from Bluewater main controller!
2022-05-11 00:54:12.477  INFO [Bluewaterdataservice,85e4ca704021dde5,85e4ca704021dde5] 38880 --- [http-nio-8889-exec-1] o.a.c.c.C.[Tomcat].[localhost].[/]       : Initializing Spring DispatcherServlet 'dispatcherServlet'
2022-05-11 00:54:12.478  INFO [Bluewaterdataservice,85e4ca704021dde5,85e4ca704021dde5] 38880 --- [http-nio-8889-exec-1] o.s.web.servlet.DispatcherServlet        : Initializing Servlet 'dispatcherServlet'
2022-05-11 00:54:12.479  INFO [Bluewaterdataservice,85e4ca704021dde5,85e4ca704021dde5] 38880 --- [http-nio-8889-exec-1] o.s.web.servlet.DispatcherServlet        : Completed initialization in 1 ms
2022-05-11 00:54:12.505  INFO [Bluewaterdataservice,85e4ca704021dde5,85e4ca704021dde5] 38880 --- [http-nio-8889-exec-1] c.b.d.b.MainController                   : Hello World from Bluewater main controller!
2022-05-11 00:54:15.122  INFO [Bluewaterdataservice,1704b597004eac8b,1704b597004eac8b] 38880 --- [http-nio-8889-exec-2] c.b.d.b.MainController                   : Hello World from Bluewater main controller!
2022-05-11 00:54:27.145  INFO [Bluewaterdataservice,b8b990e9693f26d0,b8b990e9693f26d0] 46728 --- [http-nio-8890-exec-4] c.b.d.b.MainController                   : Hello World from Bluewater main controller!
2022-05-11 00:54:27.826  INFO [Bluewaterdataservice,7be05fdcd153bd8a,7be05fdcd153bd8a] 46728 --- [http-nio-8890-exec-5] c.b.d.b.MainController                   : Hello World from Bluewater main controller!
2022-05-11 00:54:28.358  INFO [Bluewaterdataservice,5b88a961bf8670de,5b88a961bf8670de] 46728 --- [http-nio-8890-exec-6] c.b.d.b.MainController                   : Hello World from Bluewater main controller!
2022-05-11 00:54:28.646  INFO [Bluewaterdataservice,f2b1f60b3189f36f,f2b1f60b3189f36f] 46728 --- [http-nio-8890-exec-7] c.b.d.b.MainController                   : Hello World from Bluewater main controller!
2022-05-11 00:54:28.899  INFO [Bluewaterdataservice,9f0f19f0f9c410f1,9f0f19f0f9c410f1] 46728 --- [http-nio-8890-exec-8] c.b.d.b.MainController                   : Hello World from Bluewater main controller!
2022-05-11 00:54:29.332  INFO [Bluewaterdataservice,4413bfbc46a0afc4,4413bfbc46a0afc4] 46728 --- [http-nio-8890-exec-9] c.b.d.b.MainController                   : Hello World from Bluewater main controller!
2022-05-11 00:54:29.827  INFO [Bluewaterdataservice,80cfe44a0cc95091,80cfe44a0cc95091] 46728 --- [http-nio-8890-exec-10] c.b.d.b.MainController                   : Hello World from Bluewater main controller!
2022-05-11 00:54:30.064  INFO [Bluewaterdataservice,09ea9b4354c9ab92,09ea9b4354c9ab92] 46728 --- [http-nio-8890-exec-1] c.b.d.b.MainController                   : Hello World from Bluewater main controller!
2022-05-11 00:54:30.272  INFO [Bluewaterdataservice,d4de988c63165aa2,d4de988c63165aa2] 46728 --- [http-nio-8890-exec-2] c.b.d.b.MainController                   : Hello World from Bluewater main controller!
2022-05-11 00:54:30.503  INFO [Bluewaterdataservice,019d512a9f0546ad,019d512a9f0546ad] 46728 --- [http-nio-8890-exec-3] c.b.d.b.MainController                   : Hello World from Bluewater main controller!
2022-05-11 00:54:30.712  INFO [Bluewaterdataservice,be7b99f816c09ddc,be7b99f816c09ddc] 46728 --- [http-nio-8890-exec-4] c.b.d.b.MainController                   : Hello World from Bluewater main controller!
2022-05-11 00:54:30.952  INFO [Bluewaterdataservice,b773ef4092c7b0d3,b773ef4092c7b0d3] 46728 --- [http-nio-8890-exec-5] c.b.d.b.MainController                   : Hello World from Bluewater main controller!
2022-05-11 00:54:31.913  INFO [Bluewaterdataservice,3e4f65df6684c98c,3e4f65df6684c98c] 46728 --- [http-nio-8890-exec-6] c.b.d.b.MainController                   : Hello World from Bluewater main controller!
2022-05-11 00:55:14.442  INFO [Bluewaterdataservice,462a0ad3303bc1f4,462a0ad3303bc1f4] 44624 --- [http-nio-8888-exec-4] c.b.d.b.MainController                   : Hello World from Bluewater main controller!
2022-05-11 00:55:15.062  INFO [Bluewaterdataservice,a1b2952289518a47,a1b2952289518a47] 44624 --- [http-nio-8888-exec-5] c.b.d.b.MainController                   : Hello World from Bluewater main controller!
2022-05-11 00:55:15.292  INFO [Bluewaterdataservice,dd5beabf5e3276ae,dd5beabf5e3276ae] 44624 --- [http-nio-8888-exec-6] c.b.d.b.MainController                   : Hello World from Bluewater main controller!
2022-05-11 00:55:15.512  INFO [Bluewaterdataservice,80d538e8c87ed5bf,80d538e8c87ed5bf] 44624 --- [http-nio-8888-exec-7] c.b.d.b.MainController                   : Hello World from Bluewater main controller!
2022-05-11 00:55:15.752  INFO [Bluewaterdataservice,f523eb2917ac2a4e,f523eb2917ac2a4e] 44624 --- [http-nio-8888-exec-8] c.b.d.b.MainController                   : Hello World from Bluewater main controller!
2022-05-11 00:55:15.972  INFO [Bluewaterdataservice,2a33598a2e2dfd93,2a33598a2e2dfd93] 44624 --- [http-nio-8888-exec-9] c.b.d.b.MainController                   : Hello World from Bluewater main controller!
2022-05-11 00:55:16.292  INFO [Bluewaterdataservice,ce2adc9e3bcd82b6,ce2adc9e3bcd82b6] 44624 --- [http-nio-8888-exec-10] c.b.d.b.MainController                   : Hello World from Bluewater main controller!
2022-05-11 00:55:16.602  INFO [Bluewaterdataservice,864cf4ace87496ee,864cf4ace87496ee] 44624 --- [http-nio-8888-exec-1] c.b.d.b.MainController                   : Hello World from Bluewater main controller!
2022-05-11 00:55:16.812  INFO [Bluewaterdataservice,618cfe2d9c1ddab6,618cfe2d9c1ddab6] 44624 --- [http-nio-8888-exec-2] c.b.d.b.MainController                   : Hello World from Bluewater main controller!
2022-05-11 00:55:17.032  INFO [Bluewaterdataservice,d1f9353bdc28ef84,d1f9353bdc28ef84] 44624 --- [http-nio-8888-exec-3] c.b.d.b.MainController                   : Hello World from Bluewater main controller!
2022-05-11 00:55:17.362  INFO [Bluewaterdataservice,d0a9da80a7cd0da4,d0a9da80a7cd0da4] 44624 --- [http-nio-8888-exec-4] c.b.d.b.MainController                   : Hello World from Bluewater main controller!
2022-05-11 00:55:17.592  INFO [Bluewaterdataservice,e7cbac7fa8da5493,e7cbac7fa8da5493] 44624 --- [http-nio-8888-exec-5] c.b.d.b.MainController                   : Hello World from Bluewater main controller!
2022-05-11 00:55:17.842  INFO [Bluewaterdataservice,1b505ac80e8abec4,1b505ac80e8abec4] 44624 --- [http-nio-8888-exec-6] c.b.d.b.MainController                   : Hello World from Bluewater main controller!
2022-05-11 00:55:18.052  INFO [Bluewaterdataservice,83ee04c12bb4f091,83ee04c12bb4f091] 44624 --- [http-nio-8888-exec-7] c.b.d.b.MainController                   : Hello World from Bluewater main controller!
2022-05-11 00:55:18.282  INFO [Bluewaterdataservice,f56d466d3c717327,f56d466d3c717327] 44624 --- [http-nio-8888-exec-8] c.b.d.b.MainController                   : Hello World from Bluewater main controller!
2022-05-11 00:55:18.512  INFO [Bluewaterdataservice,5e2024df1fd4a63f,5e2024df1fd4a63f] 44624 --- [http-nio-8888-exec-9] c.b.d.b.MainController                   : Hello World from Bluewater main controller!
2022-05-11 00:55:22.012  INFO [Bluewaterdataservice,c763fc0669a9f32f,c763fc0669a9f32f] 46728 --- [http-nio-8890-exec-7] c.b.d.b.MainController                   : Hello World from Bluewater main controller!
2022-05-11 00:55:22.284  INFO [Bluewaterdataservice,10b4f04a767c4bcd,10b4f04a767c4bcd] 46728 --- [http-nio-8890-exec-8] c.b.d.b.MainController                   : Hello World from Bluewater main controller!
2022-05-11 00:55:22.662  INFO [Bluewaterdataservice,336402a15a18c6e5,336402a15a18c6e5] 46728 --- [http-nio-8890-exec-9] c.b.d.b.MainController                   : Hello World from Bluewater main controller!
2022-05-11 00:55:22.885  INFO [Bluewaterdataservice,782569d868d72256,782569d868d72256] 46728 --- [http-nio-8890-exec-10] c.b.d.b.MainController                   : Hello World from Bluewater main controller!
2022-05-11 00:55:23.122  INFO [Bluewaterdataservice,20cf418f6e7edb16,20cf418f6e7edb16] 46728 --- [http-nio-8890-exec-1] c.b.d.b.MainController                   : Hello World from Bluewater main controller!
2022-05-11 00:55:23.352  INFO [Bluewaterdataservice,dc979d106ef063cd,dc979d106ef063cd] 46728 --- [http-nio-8890-exec-2] c.b.d.b.MainController                   : Hello World from Bluewater main controller!
2022-05-11 00:55:23.562  INFO [Bluewaterdataservice,42c65f2529c3e7f3,42c65f2529c3e7f3] 46728 --- [http-nio-8890-exec-3] c.b.d.b.MainController                   : Hello World from Bluewater main controller!
2022-05-11 00:55:25.132  INFO [Bluewaterdataservice,0491c147cb0cd9c6,0491c147cb0cd9c6] 46728 --- [http-nio-8890-exec-4] c.b.d.b.MainController                   : Hello World from Bluewater main controller!
2022-05-11 00:55:25.852  INFO [Bluewaterdataservice,7da5e0315d62765f,7da5e0315d62765f] 46728 --- [http-nio-8890-exec-5] c.b.d.b.MainController                   : Hello World from Bluewater main controller!
2022-05-11 00:55:26.562  INFO [Bluewaterdataservice,11ccd9399ddc4bb1,11ccd9399ddc4bb1] 46728 --- [http-nio-8890-exec-6] c.b.d.b.MainController                   : Hello World from Bluewater main controller!
2022-05-11 00:55:27.382  INFO [Bluewaterdataservice,00f8fa966422e229,00f8fa966422e229] 46728 --- [http-nio-8890-exec-7] c.b.d.b.MainController                   : Hello World from Bluewater main controller!
2022-05-11 00:55:32.832  INFO [Bluewaterdataservice,9aaa9a39efec727d,9aaa9a39efec727d] 46728 --- [http-nio-8890-exec-8] c.b.d.b.MainController                   : Hello World from Bluewater main controller!
2022-05-11 00:55:37.002  INFO [Bluewaterdataservice,0b35ffbaa5b31b87,0b35ffbaa5b31b87] 46728 --- [http-nio-8890-exec-9] c.b.d.b.MainController                   : Hello World from Bluewater main controller!
2022-05-11 00:55:37.762  INFO [Bluewaterdataservice,7ebfd786d5df9810,7ebfd786d5df9810] 46728 --- [http-nio-8890-exec-10] c.b.d.b.MainController                   : Hello World from Bluewater main controller!
2022-05-11 00:55:38.332  INFO [Bluewaterdataservice,5de41996cb9c9aad,5de41996cb9c9aad] 46728 --- [http-nio-8890-exec-1] c.b.d.b.MainController                   : Hello World from Bluewater main controller!
2022-05-11 00:55:38.852  INFO [Bluewaterdataservice,a1c1fdb28f62ceca,a1c1fdb28f62ceca] 46728 --- [http-nio-8890-exec-2] c.b.d.b.MainController                   : Hello World from Bluewater main controller!
2022-05-11 00:55:39.112  INFO [Bluewaterdataservice,e46c0c57f5dadd2b,e46c0c57f5dadd2b] 46728 --- [http-nio-8890-exec-3] c.b.d.b.MainController                   : Hello World from Bluewater main controller!
2022-05-11 00:55:39.372  INFO [Bluewaterdataservice,30f3cb0696100db1,30f3cb0696100db1] 46728 --- [http-nio-8890-exec-4] c.b.d.b.MainController                   : Hello World from Bluewater main controller!
2022-05-11 00:55:39.632  INFO [Bluewaterdataservice,97aae276d6a0f611,97aae276d6a0f611] 46728 --- [http-nio-8890-exec-5] c.b.d.b.MainController                   : Hello World from Bluewater main controller!
2022-05-11 00:55:47.182  INFO [Bluewaterdataservice,1eae20957e9c55a3,1eae20957e9c55a3] 46728 --- [http-nio-8890-exec-6] c.b.d.b.MainController                   : Hello World from Bluewater main controller!
2022-05-11 00:55:54.777  INFO [Bluewaterdataservice,c735a6e22dce2e40,6083f52d815f90fc] 38880 --- [http-nio-8889-exec-4] c.b.d.b.MainController                   : Hello World from Bluewater main controller!
2022-05-11 00:55:56.872  INFO [Bluewaterdataservice,bbca7747734f5c60,61d52e086bf79a27] 46728 --- [http-nio-8890-exec-7] c.b.d.b.MainController                   : Hello World from Bluewater main controller!
2022-05-11 00:55:57.752  INFO [Bluewaterdataservice,22b3d1dc711c1fe7,99a97dd1b8f3a201] 44624 --- [http-nio-8888-exec-10] c.b.d.b.MainController                   : Hello World from Bluewater main controller!
2022-05-11 00:55:58.362  INFO [Bluewaterdataservice,17eb3bca0b447cbd,db2408eaaf1f5497] 38880 --- [http-nio-8889-exec-5] c.b.d.b.MainController                   : Hello World from Bluewater main controller!
2022-05-11 00:55:58.862  INFO [Bluewaterdataservice,b0ab19f6d4eeb312,7de3753774acbfea] 46728 --- [http-nio-8890-exec-8] c.b.d.b.MainController                   : Hello World from Bluewater main controller!
2022-05-11 00:55:59.362  INFO [Bluewaterdataservice,c40949012555dbe8,2ec7f41f9de2c524] 44624 --- [http-nio-8888-exec-1] c.b.d.b.MainController                   : Hello World from Bluewater main controller!
2022-05-11 00:56:14.332  INFO [Bluewaterdataservice,8119aaa0215e3a8b,aa8f7250e3627519] 38880 --- [http-nio-8889-exec-6] c.b.d.b.MainController                   : Hello World from Bluewater main controller!
2022-05-11 00:56:14.852  INFO [Bluewaterdataservice,0a5fb636c8717c50,ed1ecf2a195f095d] 46728 --- [http-nio-8890-exec-9] c.b.d.b.MainController                   : Hello World from Bluewater main controller!
2022-05-11 00:56:15.386  INFO [Bluewaterdataservice,af131c269a7b0270,55c6f81c31b859cc] 44624 --- [http-nio-8888-exec-2] c.b.d.b.MainController                   : Hello World from Bluewater main controller!
2022-05-11 00:56:15.832  INFO [Bluewaterdataservice,9dba0d5274b4e20a,e8aa126b5f576940] 38880 --- [http-nio-8889-exec-7] c.b.d.b.MainController                   : Hello World from Bluewater main controller!
2022-05-11 00:56:16.322  INFO [Bluewaterdataservice,4736fc9222010f64,740d313ede0aa270] 46728 --- [http-nio-8890-exec-10] c.b.d.b.MainController                   : Hello World from Bluewater main controller!
2022-05-11 00:56:16.822  INFO [Bluewaterdataservice,fa8ba2b3e1df136a,466f4b2a792f4447] 44624 --- [http-nio-8888-exec-3] c.b.d.b.MainController                   : Hello World from Bluewater main controller!
2022-05-11 00:56:17.302  INFO [Bluewaterdataservice,52a1a10c46425d0d,945c6a032b9e8667] 38880 --- [http-nio-8889-exec-8] c.b.d.b.MainController                   : Hello World from Bluewater main controller!
2022-05-11 00:56:17.752  INFO [Bluewaterdataservice,129aced8939f7164,416e8919166341ce] 46728 --- [http-nio-8890-exec-1] c.b.d.b.MainController                   : Hello World from Bluewater main controller!
2022-05-11 00:56:18.182  INFO [Bluewaterdataservice,c80cf70f708e7a3c,41bd34fde45e7eac] 44624 --- [http-nio-8888-exec-4] c.b.d.b.MainController                   : Hello World from Bluewater main controller!
2022-05-11 00:56:18.512  INFO [Bluewaterdataservice,bd99ed616e9dcd20,961aef7e1e974d01] 38880 --- [http-nio-8889-exec-9] c.b.d.b.MainController                   : Hello World from Bluewater main controller!
2022-05-11 00:56:18.893  INFO [Bluewaterdataservice,69c05473536b1abd,1be73ec08b22d44f] 46728 --- [http-nio-8890-exec-2] c.b.d.b.MainController                   : Hello World from Bluewater main controller!
2022-05-11 00:56:19.202  INFO [Bluewaterdataservice,06bffce935e98bec,9b03e80e562fd66e] 44624 --- [http-nio-8888-exec-5] c.b.d.b.MainController                   : Hello World from Bluewater main controller!
2022-05-11 00:56:19.502  INFO [Bluewaterdataservice,248c20ca8f3056ac,11a85435b6d3f54e] 38880 --- [http-nio-8889-exec-10] c.b.d.b.MainController                   : Hello World from Bluewater main controller!
2022-05-11 00:56:19.782  INFO [Bluewaterdataservice,666bc62543c1395c,6e7ad3fe6419f48b] 46728 --- [http-nio-8890-exec-3] c.b.d.b.MainController                   : Hello World from Bluewater main controller!
2022-05-11 00:56:19.994  INFO [Bluewaterdataservice,c8f7b20975f5bc96,5594caacdda634d6] 44624 --- [http-nio-8888-exec-6] c.b.d.b.MainController                   : Hello World from Bluewater main controller!
2022-05-11 00:56:20.212  INFO [Bluewaterdataservice,25a8a32f51ba3665,580df0d9a7f9e8a9] 38880 --- [http-nio-8889-exec-1] c.b.d.b.MainController                   : Hello World from Bluewater main controller!
2022-05-11 00:56:20.422  INFO [Bluewaterdataservice,5cdc0a3651d72b5e,967840dba3e59da1] 46728 --- [http-nio-8890-exec-4] c.b.d.b.MainController                   : Hello World from Bluewater main controller!
2022-05-11 00:56:20.642  INFO [Bluewaterdataservice,8821595bad5d7990,8d489fc57e74a6bf] 44624 --- [http-nio-8888-exec-7] c.b.d.b.MainController                   : Hello World from Bluewater main controller!
2022-05-11 00:56:20.852  INFO [Bluewaterdataservice,76905f8234128e90,142c74b050772165] 38880 --- [http-nio-8889-exec-2] c.b.d.b.MainController                   : Hello World from Bluewater main controller!
2022-05-11 00:56:21.067  INFO [Bluewaterdataservice,22ffeecfa355342f,7e4642385a94a42e] 46728 --- [http-nio-8890-exec-5] c.b.d.b.MainController                   : Hello World from Bluewater main controller!
2022-05-11 00:56:21.302  INFO [Bluewaterdataservice,41d6d7f8e88b8f65,0b6a23b02483c4c1] 44624 --- [http-nio-8888-exec-8] c.b.d.b.MainController                   : Hello World from Bluewater main controller!
2022-05-11 00:56:21.552  INFO [Bluewaterdataservice,ef2ad743efc0013c,eae37cec1aee4e1f] 38880 --- [http-nio-8889-exec-3] c.b.d.b.MainController                   : Hello World from Bluewater main controller!
2022-05-11 00:56:21.772  INFO [Bluewaterdataservice,dc152ae552088d11,0a16e2097b4418ac] 46728 --- [http-nio-8890-exec-6] c.b.d.b.MainController                   : Hello World from Bluewater main controller!
2022-05-11 00:56:22.012  INFO [Bluewaterdataservice,c8dafe3b49f42a4a,6f97de9169d2732d] 44624 --- [http-nio-8888-exec-9] c.b.d.b.MainController                   : Hello World from Bluewater main controller!
2022-05-11 00:56:22.262  INFO [Bluewaterdataservice,79eee8bd23f43dbd,08f0d1f39daeb909] 38880 --- [http-nio-8889-exec-4] c.b.d.b.MainController                   : Hello World from Bluewater main controller!
2022-05-11 00:56:22.672  INFO [Bluewaterdataservice,1b5883d99837cb81,3b62de9e9e728753] 46728 --- [http-nio-8890-exec-7] c.b.d.b.MainController                   : Hello World from Bluewater main controller!
2022-05-11 00:56:22.992  INFO [Bluewaterdataservice,5c849ad9b0ef0fe9,8eb3d329869559ce] 44624 --- [http-nio-8888-exec-10] c.b.d.b.MainController                   : Hello World from Bluewater main controller!
2022-05-11 00:56:23.212  INFO [Bluewaterdataservice,6d1b3b0e065b21e4,88d5b1b187bdee00] 38880 --- [http-nio-8889-exec-5] c.b.d.b.MainController                   : Hello World from Bluewater main controller!
2022-05-11 00:56:23.452  INFO [Bluewaterdataservice,603d8b2405ac02a9,729449afc9c80d0e] 46728 --- [http-nio-8890-exec-8] c.b.d.b.MainController                   : Hello World from Bluewater main controller!
2022-05-11 00:56:23.652  INFO [Bluewaterdataservice,1e77b6d6dd5ebc5b,eb1755f06483c3a8] 44624 --- [http-nio-8888-exec-1] c.b.d.b.MainController                   : Hello World from Bluewater main controller!
2022-05-11 00:56:24.000  INFO [Bluewaterdataservice,0e6fb21db843d9da,0952b2ad0818b89e] 38880 --- [http-nio-8889-exec-6] c.b.d.b.MainController                   : Hello World from Bluewater main controller!
2022-05-11 00:56:27.842  INFO [Bluewaterdataservice,844fd5ae00ee78e1,6c6a5b7beae8ea32] 46728 --- [http-nio-8890-exec-9] c.b.d.b.MainController                   : Hello World from Bluewater main controller!
2022-05-11 00:56:28.082  INFO [Bluewaterdataservice,81942b32a962b3b0,429ce0d0244e5776] 44624 --- [http-nio-8888-exec-2] c.b.d.b.MainController                   : Hello World from Bluewater main controller!
2022-05-11 00:56:28.332  INFO [Bluewaterdataservice,4debda812ba8f132,3311ad4633228e8d] 38880 --- [http-nio-8889-exec-7] c.b.d.b.MainController                   : Hello World from Bluewater main controller!
2022-05-11 00:56:28.592  INFO [Bluewaterdataservice,518328534e48f615,2a006919f8e6430d] 46728 --- [http-nio-8890-exec-10] c.b.d.b.MainController                   : Hello World from Bluewater main controller!
2022-05-11 00:56:28.862  INFO [Bluewaterdataservice,b063813f42e786fc,f64bfb41e1dfa0ea] 44624 --- [http-nio-8888-exec-3] c.b.d.b.MainController                   : Hello World from Bluewater main controller!
2022-05-11 00:56:29.122  INFO [Bluewaterdataservice,722aa5f7aead3a6a,0bbd57c04a6dc4db] 38880 --- [http-nio-8889-exec-8] c.b.d.b.MainController                   : Hello World from Bluewater main controller!
2022-05-11 00:56:29.332  INFO [Bluewaterdataservice,66f0beb066ab378f,83978156948f5b0e] 46728 --- [http-nio-8890-exec-1] c.b.d.b.MainController                   : Hello World from Bluewater main controller!
2022-05-11 00:56:29.582  INFO [Bluewaterdataservice,67f2647243bf307d,08831736b0962324] 44624 --- [http-nio-8888-exec-4] c.b.d.b.MainController                   : Hello World from Bluewater main controller!
2022-05-11 00:56:29.802  INFO [Bluewaterdataservice,b5f786bac13376a5,f3f2c29019cc0f5b] 44624 --- [http-nio-8888-exec-5] c.b.d.b.MainController                   : Hello World from Bluewater main controller!
2022-05-11 00:56:30.022  INFO [Bluewaterdataservice,56adf86a227cfb27,dde9d06da59183ef] 38880 --- [http-nio-8889-exec-9] c.b.d.b.MainController                   : Hello World from Bluewater main controller!
2022-05-11 00:56:30.372  INFO [Bluewaterdataservice,ae7f2eecd64232eb,7b603ed9ab98e3c7] 46728 --- [http-nio-8890-exec-2] c.b.d.b.MainController                   : Hello World from Bluewater main controller!
2022-05-11 00:56:30.612  INFO [Bluewaterdataservice,1d64fa437fb6fea5,82fbde3dc252ddff] 44624 --- [http-nio-8888-exec-6] c.b.d.b.MainController                   : Hello World from Bluewater main controller!
2022-05-11 00:56:30.822  INFO [Bluewaterdataservice,8954511d33ecc61b,eaab078abb225c89] 38880 --- [http-nio-8889-exec-10] c.b.d.b.MainController                   : Hello World from Bluewater main controller!
2022-05-11 00:56:31.092  INFO [Bluewaterdataservice,1cf6589b4285618e,eca2f28483dbb3a0] 46728 --- [http-nio-8890-exec-3] c.b.d.b.MainController                   : Hello World from Bluewater main controller!
2022-05-11 00:56:31.322  INFO [Bluewaterdataservice,eaf728d59cdecd54,5e7f068a1e8fddbd] 44624 --- [http-nio-8888-exec-7] c.b.d.b.MainController                   : Hello World from Bluewater main controller!
2022-05-11 00:56:31.552  INFO [Bluewaterdataservice,41879c8256800b86,3eb7c20c428cb71c] 38880 --- [http-nio-8889-exec-1] c.b.d.b.MainController                   : Hello World from Bluewater main controller!
2022-05-11 00:56:31.792  INFO [Bluewaterdataservice,5a962f18c18d8a31,b29ba6407788f890] 46728 --- [http-nio-8890-exec-4] c.b.d.b.MainController                   : Hello World from Bluewater main controller!
2022-05-11 00:56:32.022  INFO [Bluewaterdataservice,b6950f64d20b1e44,6b4fddf041061593] 44624 --- [http-nio-8888-exec-8] c.b.d.b.MainController                   : Hello World from Bluewater main controller!
2022-05-11 00:56:32.392  INFO [Bluewaterdataservice,cb3e9a8e673bd24d,4e25380f458016b9] 38880 --- [http-nio-8889-exec-2] c.b.d.b.MainController                   : Hello World from Bluewater main controller!
2022-05-11 00:56:33.262  INFO [Bluewaterdataservice,fd924e48c37fb2d6,08735697c4bfcd6a] 46728 --- [http-nio-8890-exec-5] c.b.d.b.MainController                   : Hello World from Bluewater main controller!
2022-05-11 00:56:33.852  INFO [Bluewaterdataservice,a6a4a1304d006d2e,3369c021dde6a77f] 44624 --- [http-nio-8888-exec-9] c.b.d.b.MainController                   : Hello World from Bluewater main controller!
2022-05-11 00:56:34.542  INFO [Bluewaterdataservice,e6688ed3e62d76c5,9fac5205c9a5df32] 38880 --- [http-nio-8889-exec-3] c.b.d.b.MainController                   : Hello World from Bluewater main controller!
2022-05-11 00:56:35.472  INFO [Bluewaterdataservice,128646a8ecadcb91,9525a3a522c8f96c] 46728 --- [http-nio-8890-exec-6] c.b.d.b.MainController                   : Hello World from Bluewater main controller!
2022-05-11 00:56:36.102  INFO [Bluewaterdataservice,0e18848cbfa70189,a3a6fe301e55125b] 44624 --- [http-nio-8888-exec-10] c.b.d.b.MainController                   : Hello World from Bluewater main controller!
2022-05-11 00:56:52.592  INFO [Bluewaterdataservice,863977299d483157,24050ed4e9232349] 38880 --- [http-nio-8889-exec-4] c.b.d.b.MainController                   : Hello World from Bluewater main controller!
2022-05-11 00:56:55.132  INFO [Bluewaterdataservice,13f0d6f8a54ca27a,b9efa9fb0fd15a3b] 46728 --- [http-nio-8890-exec-7] c.b.d.b.MainController                   : Hello World from Bluewater main controller!
2022-05-11 00:56:55.722  INFO [Bluewaterdataservice,43528952379465f1,92750b3ff84f4ae0] 44624 --- [http-nio-8888-exec-1] c.b.d.b.MainController                   : Hello World from Bluewater main controller!
2022-05-11 00:56:56.232  INFO [Bluewaterdataservice,a34ae59811de80c0,039e9662261e25dc] 38880 --- [http-nio-8889-exec-5] c.b.d.b.MainController                   : Hello World from Bluewater main controller!
2022-05-11 00:56:56.562  INFO [Bluewaterdataservice,6f0e69af1cbd5afa,06c386814b0ef4c6] 46728 --- [http-nio-8890-exec-8] c.b.d.b.MainController                   : Hello World from Bluewater main controller!
2022-05-11 00:56:56.772  INFO [Bluewaterdataservice,e8c8992a61edd461,b660e9a84c95fb0f] 44624 --- [http-nio-8888-exec-2] c.b.d.b.MainController                   : Hello World from Bluewater main controller!
2022-05-11 00:59:23.841  INFO [Bluewaterdataservice,d537f4a3a3ce04be,c96a047e1b6b0566] 44624 --- [http-nio-8888-exec-4] c.b.d.b.MainController                   : Hello World from Bluewater main controller!
2022-05-11 00:59:24.522  INFO [Bluewaterdataservice,ad145c4b41ca2815,0851aa00e6d2262e] 46728 --- [http-nio-8890-exec-10] c.b.d.b.MainController                   : Hello World from Bluewater main controller!
2022-05-11 00:59:47.922  INFO [Bluewaterdataservice,d6cb957f707fd10b,11c1b0e4ae959666] 38880 --- [http-nio-8889-exec-7] c.b.d.b.MainController                   : Hello World from Bluewater main controller!
2022-05-11 00:59:49.011  INFO [Bluewaterdataservice,2ef7f6e69f43a456,d16e34b839110395] 44624 --- [http-nio-8888-exec-5] c.b.d.b.MainController                   : Hello World from Bluewater main controller!
2022-05-11 00:59:49.721  INFO [Bluewaterdataservice,8c2ac868849d91ef,ce62e79c08ff90c0] 46728 --- [http-nio-8890-exec-1] c.b.d.b.MainController                   : Hello World from Bluewater main controller!
2022-05-11 00:59:51.652  INFO [Bluewaterdataservice,68fb5e6b65df7fff,4f6dd19828426d32] 38880 --- [http-nio-8889-exec-8] c.b.d.b.MainController                   : Hello World from Bluewater main controller!
2022-05-11 00:59:53.251  INFO [Bluewaterdataservice,457eec66d8cb4560,b0a38745e8754208] 44624 --- [http-nio-8888-exec-6] c.b.d.b.MainController                   : Hello World from Bluewater main controller!
2022-05-11 00:59:54.481  INFO [Bluewaterdataservice,4326e9d31403089c,5d6876ae39b65fc9] 46728 --- [http-nio-8890-exec-2] c.b.d.b.MainController                   : Hello World from Bluewater main controller!
2022-05-11 00:59:55.351  INFO [Bluewaterdataservice,1d3c6fdf33568d65,c2119db178201539] 38880 --- [http-nio-8889-exec-9] c.b.d.b.MainController                   : Hello World from Bluewater main controller!
2022-05-11 00:59:56.081  INFO [Bluewaterdataservice,ac5c364ab7477c4e,3930a43df6ec6e3c] 44624 --- [http-nio-8888-exec-7] c.b.d.b.MainController                   : Hello World from Bluewater main controller!
2022-05-11 00:59:56.671  INFO [Bluewaterdataservice,0602f54ab8c679e6,fbafb2d1d745f69a] 46728 --- [http-nio-8890-exec-3] c.b.d.b.MainController                   : Hello World from Bluewater main controller!
2022-05-11 00:59:57.021  INFO [Bluewaterdataservice,6488a8aff43cd782,c57eb5222611b018] 38880 --- [http-nio-8889-exec-10] c.b.d.b.MainController                   : Hello World from Bluewater main controller!
2022-05-11 00:59:57.251  INFO [Bluewaterdataservice,8b8f649993c81b93,06dc31a177d80b04] 44624 --- [http-nio-8888-exec-8] c.b.d.b.MainController                   : Hello World from Bluewater main controller!
2022-05-11 00:59:57.471  INFO [Bluewaterdataservice,d04d46eda489ebd5,a1f413ae31987ae6] 46728 --- [http-nio-8890-exec-4] c.b.d.b.MainController                   : Hello World from Bluewater main controller!
2022-05-11 00:59:57.701  INFO [Bluewaterdataservice,dbe15258015560f8,14798dafe5c400a5] 38880 --- [http-nio-8889-exec-1] c.b.d.b.MainController                   : Hello World from Bluewater main controller!
2022-05-11 00:59:57.951  INFO [Bluewaterdataservice,9173e91787542d6e,0ce3dfd461bbe2a6] 44624 --- [http-nio-8888-exec-9] c.b.d.b.MainController                   : Hello World from Bluewater main controller!
2022-05-11 00:59:58.161  INFO [Bluewaterdataservice,c4510b254b59c555,41d0787a61103615] 46728 --- [http-nio-8890-exec-5] c.b.d.b.MainController                   : Hello World from Bluewater main controller!
2022-05-11 00:59:58.391  INFO [Bluewaterdataservice,ca437632db55a32e,5885cc9e4f301dad] 38880 --- [http-nio-8889-exec-2] c.b.d.b.MainController                   : Hello World from Bluewater main controller!
2022-05-11 00:59:58.641  INFO [Bluewaterdataservice,4bfe0c1097715b8d,77770d0f6ab2f84f] 44624 --- [http-nio-8888-exec-10] c.b.d.b.MainController                   : Hello World from Bluewater main controller!
2022-05-11 00:59:58.861  INFO [Bluewaterdataservice,1a8c5b456f9f8e3b,7b61161e3342a913] 46728 --- [http-nio-8890-exec-6] c.b.d.b.MainController                   : Hello World from Bluewater main controller!
2022-05-11 00:59:59.091  INFO [Bluewaterdataservice,d2085640880c3060,0f436f4b51dd2372] 38880 --- [http-nio-8889-exec-3] c.b.d.b.MainController                   : Hello World from Bluewater main controller!
2022-05-11 00:59:59.361  INFO [Bluewaterdataservice,f7f64a442047654d,83331bdfdb10d61f] 44624 --- [http-nio-8888-exec-1] c.b.d.b.MainController                   : Hello World from Bluewater main controller!
2022-05-11 00:59:59.611  INFO [Bluewaterdataservice,24f840428232e190,583833671b528888] 46728 --- [http-nio-8890-exec-7] c.b.d.b.MainController                   : Hello World from Bluewater main controller!
2022-05-11 01:00:00.031  INFO [Bluewaterdataservice,1deb6d6c3ee5c27b,2eb0dc55e8b714c0] 38880 --- [http-nio-8889-exec-4] c.b.d.b.MainController                   : Hello World from Bluewater main controller!
2022-05-11 01:00:00.271  INFO [Bluewaterdataservice,cc888603efd914f4,17e10e608802b84e] 44624 --- [http-nio-8888-exec-2] c.b.d.b.MainController                   : Hello World from Bluewater main controller!
2022-05-11 01:00:00.491  INFO [Bluewaterdataservice,faff5745014efbac,b33c3c2bd765518c] 46728 --- [http-nio-8890-exec-8] c.b.d.b.MainController                   : Hello World from Bluewater main controller!
2022-05-11 01:00:00.711  INFO [Bluewaterdataservice,aa04c5f474a5af2d,5eef92f05fbe4d78] 38880 --- [http-nio-8889-exec-5] c.b.d.b.MainController                   : Hello World from Bluewater main controller!
2022-05-11 01:00:49.672  INFO [Bluewaterdataservice,,] 10416 --- [main] c.b.d.b.BluewaterdataserviceApplication  : Starting BluewaterdataserviceApplication v0.0.1-SNAPSHOT using Java 15 on DESKTOP-F6VKB7S with PID 10416 (C:\mydata\myjava\MyMicroservice\bluewaterdataservice\target\bluewaterdataservice-0.0.1-SNAPSHOT.jar started by Chung2 in C:\mydata\myjava\MyMicroservice\bluewaterdataservice)
2022-05-11 01:00:49.673  INFO [Bluewaterdataservice,,] 10416 --- [main] c.b.d.b.BluewaterdataserviceApplication  : No active profile set, falling back to 1 default profile: "default"
2022-05-11 01:00:50.591  INFO [Bluewaterdataservice,,] 10416 --- [main] o.s.cloud.context.scope.GenericScope     : BeanFactory id=2044660a-89b1-3df7-87f2-d8ebde038d3c
2022-05-11 01:00:51.251  INFO [Bluewaterdataservice,,] 10416 --- [main] o.s.b.w.embedded.tomcat.TomcatWebServer  : Tomcat initialized with port(s): 8891 (http)
2022-05-11 01:00:51.261  INFO [Bluewaterdataservice,,] 10416 --- [main] o.apache.catalina.core.StandardService   : Starting service [Tomcat]
2022-05-11 01:00:51.261  INFO [Bluewaterdataservice,,] 10416 --- [main] org.apache.catalina.core.StandardEngine  : Starting Servlet engine: [Apache Tomcat/9.0.58]
2022-05-11 01:00:51.316  INFO [Bluewaterdataservice,,] 10416 --- [main] o.a.c.c.C.[Tomcat].[localhost].[/]       : Initializing Spring embedded WebApplicationContext
2022-05-11 01:00:51.316  INFO [Bluewaterdataservice,,] 10416 --- [main] w.s.c.ServletWebServerApplicationContext : Root WebApplicationContext: initialization completed in 1602 ms
2022-05-11 01:00:52.576  INFO [Bluewaterdataservice,,] 10416 --- [main] DiscoveryClientOptionalArgsConfiguration : Eureka HTTP Client uses RestTemplate.
2022-05-11 01:00:52.991  WARN [Bluewaterdataservice,,] 10416 --- [main] iguration$LoadBalancerCaffeineWarnLogger : Spring Cloud LoadBalancer is currently working with the default cache. While this cache implementation is useful for development and tests, it's recommended to use Caffeine cache in production.You can switch to using Caffeine cache, by adding it and org.springframework.cache.caffeine.CaffeineCacheManager to the classpath.
2022-05-11 01:00:53.091  INFO [Bluewaterdataservice,,] 10416 --- [main] o.s.c.n.eureka.InstanceInfoFactory       : Setting initial instance status as: STARTING
2022-05-11 01:00:57.916  INFO [Bluewaterdataservice,,] 10416 --- [main] o.s.c.n.e.s.EurekaServiceRegistry        : Registering application BLUEWATERDATASERVICE with eureka with status UP
2022-05-11 01:00:57.941  INFO [Bluewaterdataservice,,] 10416 --- [main] o.s.b.w.embedded.tomcat.TomcatWebServer  : Tomcat started on port(s): 8891 (http) with context path ''
2022-05-11 01:00:57.941  INFO [Bluewaterdataservice,,] 10416 --- [main] .s.c.n.e.s.EurekaAutoServiceRegistration : Updating port to 8891
2022-05-11 01:00:58.091  INFO [Bluewaterdataservice,,] 10416 --- [main] c.b.d.b.BluewaterdataserviceApplication  : Started BluewaterdataserviceApplication in 9.02 seconds (JVM running for 9.457)
2022-05-11 01:01:15.641  INFO [Bluewaterdataservice,9768c14c46d4e509,e7622cc87525789c] 44624 --- [http-nio-8888-exec-4] c.b.d.b.MainController                   : Hello World from Bluewater main controller!
2022-05-11 01:01:16.021  INFO [Bluewaterdataservice,0e7844d1aeb10bd7,1e9e2954b9d78218] 46728 --- [http-nio-8890-exec-10] c.b.d.b.MainController                   : Hello World from Bluewater main controller!
2022-05-11 01:01:16.403  INFO [Bluewaterdataservice,e981eb7709c9a978,63184ebf98ae7942] 38880 --- [http-nio-8889-exec-7] c.b.d.b.MainController                   : Hello World from Bluewater main controller!
2022-05-11 01:01:16.881  INFO [Bluewaterdataservice,7ebc65430422e155,88344b63536c3a3e] 44624 --- [http-nio-8888-exec-5] c.b.d.b.MainController                   : Hello World from Bluewater main controller!
2022-05-11 01:01:17.377  INFO [Bluewaterdataservice,8810e0484a5a339c,b53137d912a28f22] 46728 --- [http-nio-8890-exec-1] c.b.d.b.MainController                   : Hello World from Bluewater main controller!
2022-05-11 01:01:17.721  INFO [Bluewaterdataservice,f1aa04697100ac7b,6bdcbaa8f21840ea] 38880 --- [http-nio-8889-exec-8] c.b.d.b.MainController                   : Hello World from Bluewater main controller!
2022-05-11 01:01:22.101  INFO [Bluewaterdataservice,7ccb49c9c45340fe,422b207a8c3a855f] 44624 --- [http-nio-8888-exec-6] c.b.d.b.MainController                   : Hello World from Bluewater main controller!
2022-05-11 01:01:22.311  INFO [Bluewaterdataservice,b17152f000cf7436,5b8351e971a761de] 46728 --- [http-nio-8890-exec-2] c.b.d.b.MainController                   : Hello World from Bluewater main controller!
2022-05-11 01:01:22.541  INFO [Bluewaterdataservice,a742bc0ec961da84,0d8e171f9b25cd9d] 38880 --- [http-nio-8889-exec-9] c.b.d.b.MainController                   : Hello World from Bluewater main controller!
2022-05-11 01:01:22.741  INFO [Bluewaterdataservice,eee9a9e3d4fae32a,d6ed1b79e20fad2b] 44624 --- [http-nio-8888-exec-7] c.b.d.b.MainController                   : Hello World from Bluewater main controller!
2022-05-11 01:01:23.141  INFO [Bluewaterdataservice,7affbe9c7a823641,bb26876c65628a96] 46728 --- [http-nio-8890-exec-3] c.b.d.b.MainController                   : Hello World from Bluewater main controller!
2022-05-11 01:01:23.341  INFO [Bluewaterdataservice,267eca454fc787ef,18b8a213913c227c] 38880 --- [http-nio-8889-exec-10] c.b.d.b.MainController                   : Hello World from Bluewater main controller!
2022-05-11 01:01:23.551  INFO [Bluewaterdataservice,144e11946a9f8676,12381de0dc9da3a7] 44624 --- [http-nio-8888-exec-8] c.b.d.b.MainController                   : Hello World from Bluewater main controller!
2022-05-11 01:01:23.781  INFO [Bluewaterdataservice,90123a0bb05a87ca,702273d552d744b5] 46728 --- [http-nio-8890-exec-4] c.b.d.b.MainController                   : Hello World from Bluewater main controller!
2022-05-11 01:02:46.804  INFO [Bluewaterdataservice,5d70d6e78b603557,8146b875d5243a1d] 46728 --- [http-nio-8890-exec-6] c.b.d.b.MainController                   : Hello World from Bluewater main controller!
2022-05-11 01:02:49.562  INFO [Bluewaterdataservice,6da8e47ed09df526,b25412085b28077e] 10416 --- [http-nio-8891-exec-1] o.a.c.c.C.[Tomcat].[localhost].[/]       : Initializing Spring DispatcherServlet 'dispatcherServlet'
2022-05-11 01:02:49.562  INFO [Bluewaterdataservice,6da8e47ed09df526,b25412085b28077e] 10416 --- [http-nio-8891-exec-1] o.s.web.servlet.DispatcherServlet        : Initializing Servlet 'dispatcherServlet'
2022-05-11 01:02:49.566  INFO [Bluewaterdataservice,6da8e47ed09df526,b25412085b28077e] 10416 --- [http-nio-8891-exec-1] o.s.web.servlet.DispatcherServlet        : Completed initialization in 2 ms
2022-05-11 01:02:49.601  INFO [Bluewaterdataservice,6da8e47ed09df526,b25412085b28077e] 10416 --- [http-nio-8891-exec-1] c.b.d.b.MainController                   : Hello World from Bluewater main controller!
2022-05-11 01:02:50.510  INFO [Bluewaterdataservice,de2f6a1cf5edcca2,deb634ecfafca8e2] 44624 --- [http-nio-8888-exec-10] c.b.d.b.MainController                   : Hello World from Bluewater main controller!
2022-05-11 01:02:51.081  INFO [Bluewaterdataservice,0e95cfce8f8215be,ee1dc70dcb9e0847] 38880 --- [http-nio-8889-exec-2] c.b.d.b.MainController                   : Hello World from Bluewater main controller!
2022-05-11 01:02:51.640  INFO [Bluewaterdataservice,d7fe5253b639998b,64010857fe8e9be0] 46728 --- [http-nio-8890-exec-7] c.b.d.b.MainController                   : Hello World from Bluewater main controller!
2022-05-11 01:02:52.166  INFO [Bluewaterdataservice,34be44b740c0fab2,373b0a928bb05dec] 10416 --- [http-nio-8891-exec-2] c.b.d.b.MainController                   : Hello World from Bluewater main controller!
2022-05-11 01:02:52.670  INFO [Bluewaterdataservice,1b79bfb64bf250dc,697c0469d69a4160] 44624 --- [http-nio-8888-exec-1] c.b.d.b.MainController                   : Hello World from Bluewater main controller!
2022-05-11 01:02:53.173  INFO [Bluewaterdataservice,0953db3f8b446ed3,00cbe0a11a390a95] 38880 --- [http-nio-8889-exec-3] c.b.d.b.MainController                   : Hello World from Bluewater main controller!
2022-05-11 01:02:53.753  INFO [Bluewaterdataservice,5a5b967243ecdc4b,904cb188acf5b607] 46728 --- [http-nio-8890-exec-8] c.b.d.b.MainController                   : Hello World from Bluewater main controller!
2022-05-11 01:02:54.635  INFO [Bluewaterdataservice,c146964c0f31dc5f,0387fdeb36960277] 10416 --- [http-nio-8891-exec-3] c.b.d.b.MainController                   : Hello World from Bluewater main controller!
2022-05-11 01:02:55.295  INFO [Bluewaterdataservice,a99bad69b21d15d9,b9b50e965a6002a8] 44624 --- [http-nio-8888-exec-2] c.b.d.b.MainController                   : Hello World from Bluewater main controller!
2022-05-11 01:02:55.644  INFO [Bluewaterdataservice,7f8b9263c42e96d8,4447cbe784550f10] 38880 --- [http-nio-8889-exec-4] c.b.d.b.MainController                   : Hello World from Bluewater main controller!
2022-05-11 01:02:55.852  INFO [Bluewaterdataservice,59fb73202d2be362,03189b7f8cd4acdf] 46728 --- [http-nio-8890-exec-9] c.b.d.b.MainController                   : Hello World from Bluewater main controller!
2022-05-11 01:02:56.085  INFO [Bluewaterdataservice,f025723957e85a62,e91f05cb02aa02ec] 10416 --- [http-nio-8891-exec-4] c.b.d.b.MainController                   : Hello World from Bluewater main controller!
2022-05-11 01:02:56.311  INFO [Bluewaterdataservice,a683c7dbe40354b7,a030b54c0f9ec1e4] 44624 --- [http-nio-8888-exec-3] c.b.d.b.MainController                   : Hello World from Bluewater main controller!
2022-05-11 01:02:56.503  INFO [Bluewaterdataservice,ad63ca6a455c9ec1,d2c13b617ee0cbc2] 38880 --- [http-nio-8889-exec-5] c.b.d.b.MainController                   : Hello World from Bluewater main controller!
2022-05-11 01:02:56.707  INFO [Bluewaterdataservice,62ed5b6be4fa3ac6,2cf30da150f0a576] 46728 --- [http-nio-8890-exec-10] c.b.d.b.MainController                   : Hello World from Bluewater main controller!
2022-05-11 01:02:56.910  INFO [Bluewaterdataservice,ed30da1bbef64808,3a88b92702238ec5] 10416 --- [http-nio-8891-exec-5] c.b.d.b.MainController                   : Hello World from Bluewater main controller!
2022-05-11 01:02:57.113  INFO [Bluewaterdataservice,279f8e76ce2d6940,0d571138f6520a04] 44624 --- [http-nio-8888-exec-4] c.b.d.b.MainController                   : Hello World from Bluewater main controller!
2022-05-11 01:02:57.320  INFO [Bluewaterdataservice,5f1c5dfe67290d09,089f8d6ce17fd3a1] 38880 --- [http-nio-8889-exec-6] c.b.d.b.MainController                   : Hello World from Bluewater main controller!
2022-05-11 01:02:59.687  INFO [Bluewaterdataservice,bc34a3e218b9964a,b9ede36d283671bb] 46728 --- [http-nio-8890-exec-1] c.b.d.b.MainController                   : Hello World from Bluewater main controller!
2022-05-11 01:03:35.670  INFO [Bluewaterdataservice,2c6652a0b65e006e,97efdfd8bddb6f88] 10416 --- [http-nio-8891-exec-6] c.b.d.b.MainController                   : Hello World from Bluewater main controller!
2022-05-11 01:03:36.241  INFO [Bluewaterdataservice,5e0a8f8db5636b11,a8edb6d1f1255706] 46728 --- [http-nio-8890-exec-2] c.b.d.b.MainController                   : Hello World from Bluewater main controller!
2022-05-11 01:03:36.910  INFO [Bluewaterdataservice,4b9c7a8a6a52c20f,dc450805116e938d] 38880 --- [http-nio-8889-exec-7] c.b.d.b.MainController                   : Hello World from Bluewater main controller!
2022-05-11 01:03:37.501  INFO [Bluewaterdataservice,bae59a4288137ece,2aa14d247ae8965a] 44624 --- [http-nio-8888-exec-5] c.b.d.b.MainController                   : Hello World from Bluewater main controller!
2022-05-11 01:03:38.160  INFO [Bluewaterdataservice,976390b955eb2083,b595c89d561bb09d] 10416 --- [http-nio-8891-exec-8] c.b.d.b.MainController                   : Hello World from Bluewater main controller!
2022-05-11 01:03:38.750  INFO [Bluewaterdataservice,039aab804f1928cd,fd57ee395e7f3c2b] 46728 --- [http-nio-8890-exec-3] c.b.d.b.MainController                   : Hello World from Bluewater main controller!
2022-05-11 01:03:39.351  INFO [Bluewaterdataservice,7293849019862b09,af038afd32b8cde5] 38880 --- [http-nio-8889-exec-8] c.b.d.b.MainController                   : Hello World from Bluewater main controller!
2022-05-11 01:03:39.921  INFO [Bluewaterdataservice,25e670779e69adee,fa08371d8d9bc097] 44624 --- [http-nio-8888-exec-6] c.b.d.b.MainController                   : Hello World from Bluewater main controller!
2022-05-11 01:03:40.520  INFO [Bluewaterdataservice,c2fe6ee7a053ab46,61a799f544ca34af] 10416 --- [http-nio-8891-exec-9] c.b.d.b.MainController                   : Hello World from Bluewater main controller!
2022-05-11 01:03:41.031  INFO [Bluewaterdataservice,6aec7a79ed9f10e7,0ab05c954784d571] 46728 --- [http-nio-8890-exec-4] c.b.d.b.MainController                   : Hello World from Bluewater main controller!
2022-05-11 01:03:41.580  INFO [Bluewaterdataservice,33837ea311230173,7e0395aaee268f4c] 38880 --- [http-nio-8889-exec-9] c.b.d.b.MainController                   : Hello World from Bluewater main controller!
2022-05-11 01:03:42.010  INFO [Bluewaterdataservice,e60781f641314ea7,9c1adda48055d05c] 44624 --- [http-nio-8888-exec-7] c.b.d.b.MainController                   : Hello World from Bluewater main controller!
2022-05-11 01:03:42.491  INFO [Bluewaterdataservice,681f9ff4cf6f328c,5fe4548ee8347589] 10416 --- [http-nio-8891-exec-7] c.b.d.b.MainController                   : Hello World from Bluewater main controller!
2022-05-11 01:03:43.150  INFO [Bluewaterdataservice,e147ff7ce6fafed8,a5a0a65a137ebe9b] 46728 --- [http-nio-8890-exec-5] c.b.d.b.MainController                   : Hello World from Bluewater main controller!
2022-05-11 01:03:43.520  INFO [Bluewaterdataservice,3b01e9a3dcc52652,f23f8ef61baae92e] 38880 --- [http-nio-8889-exec-10] c.b.d.b.MainController                   : Hello World from Bluewater main controller!
2022-05-11 01:03:43.781  INFO [Bluewaterdataservice,e788a0a96831e603,2d438d8e3c75d2b6] 44624 --- [http-nio-8888-exec-8] c.b.d.b.MainController                   : Hello World from Bluewater main controller!
2022-05-11 01:03:44.030  INFO [Bluewaterdataservice,00b822dfa606d270,a40c07ef2ff6c3f3] 10416 --- [http-nio-8891-exec-10] c.b.d.b.MainController                   : Hello World from Bluewater main controller!
2022-05-11 01:03:44.251  INFO [Bluewaterdataservice,a4cd3d7f3faa7406,7b97f0824565e4da] 46728 --- [http-nio-8890-exec-6] c.b.d.b.MainController                   : Hello World from Bluewater main controller!
2022-05-11 01:03:44.460  INFO [Bluewaterdataservice,fa02cdf2f569736f,5cb3fb7e890e75d4] 38880 --- [http-nio-8889-exec-1] c.b.d.b.MainController                   : Hello World from Bluewater main controller!
2022-05-11 01:03:44.971  INFO [Bluewaterdataservice,347e68b34cbd1d56,8ec635acbf0195e3] 44624 --- [http-nio-8888-exec-9] c.b.d.b.MainController                   : Hello World from Bluewater main controller!
2022-05-11 01:03:45.196  INFO [Bluewaterdataservice,56e8c26127355133,fb601e9ff4055a74] 10416 --- [http-nio-8891-exec-1] c.b.d.b.MainController                   : Hello World from Bluewater main controller!
2022-05-11 01:03:45.411  INFO [Bluewaterdataservice,085464b78e908c4c,87ce062e379c4d6b] 46728 --- [http-nio-8890-exec-7] c.b.d.b.MainController                   : Hello World from Bluewater main controller!
2022-05-11 01:03:45.637  INFO [Bluewaterdataservice,69a5d521b2f85fc4,df2c81c9ed435faa] 38880 --- [http-nio-8889-exec-2] c.b.d.b.MainController                   : Hello World from Bluewater main controller!
2022-05-11 01:03:45.840  INFO [Bluewaterdataservice,21b50d8a9a3967f2,da249045a0fce572] 44624 --- [http-nio-8888-exec-10] c.b.d.b.MainController                   : Hello World from Bluewater main controller!
2022-05-11 01:03:46.060  INFO [Bluewaterdataservice,1a13eb19c14e78b8,aed0cadab2229f30] 10416 --- [http-nio-8891-exec-2] c.b.d.b.MainController                   : Hello World from Bluewater main controller!
2022-05-11 01:04:07.311  INFO [Bluewaterdataservice,,] 10416 --- [SpringApplicationShutdownHook] o.s.c.n.e.s.EurekaServiceRegistry        : Unregistering application BLUEWATERDATASERVICE with eureka with status DOWN
2022-05-11 01:06:27.967  INFO [Bluewaterdataservice,,] 44624 --- [SpringApplicationShutdownHook] o.s.c.n.e.s.EurekaServiceRegistry        : Unregistering application BLUEWATERDATASERVICE with eureka with status DOWN
2022-05-11 01:06:32.790  INFO [Bluewaterdataservice,,] 38880 --- [SpringApplicationShutdownHook] o.s.c.n.e.s.EurekaServiceRegistry        : Unregistering application BLUEWATERDATASERVICE with eureka with status DOWN
2022-05-11 01:06:36.740  INFO [Bluewaterdataservice,,] 46728 --- [SpringApplicationShutdownHook] o.s.c.n.e.s.EurekaServiceRegistry        : Unregistering application BLUEWATERDATASERVICE with eureka with status DOWN
2022-05-11 09:58:11.967  INFO [Bluewaterdataservice,,] 35296 --- [main] c.b.d.b.BluewaterdataserviceApplication  : Starting BluewaterdataserviceApplication v0.0.1-SNAPSHOT using Java 15 on DESKTOP-F6VKB7S with PID 35296 (C:\mydata\myjava\MyMicroservice\bluewaterdataservice\target\bluewaterdataservice-0.0.1-SNAPSHOT.jar started by Chung2 in C:\mydata\myjava\MyMicroservice\bluewaterdataservice)
2022-05-11 09:58:11.971  INFO [Bluewaterdataservice,,] 35296 --- [main] c.b.d.b.BluewaterdataserviceApplication  : No active profile set, falling back to 1 default profile: "default"
2022-05-11 09:58:13.034  INFO [Bluewaterdataservice,,] 35296 --- [main] o.s.cloud.context.scope.GenericScope     : BeanFactory id=2044660a-89b1-3df7-87f2-d8ebde038d3c
2022-05-11 09:58:13.727  INFO [Bluewaterdataservice,,] 35296 --- [main] o.s.b.w.embedded.tomcat.TomcatWebServer  : Tomcat initialized with port(s): 8888 (http)
2022-05-11 09:58:13.739  INFO [Bluewaterdataservice,,] 35296 --- [main] o.apache.catalina.core.StandardService   : Starting service [Tomcat]
2022-05-11 09:58:13.740  INFO [Bluewaterdataservice,,] 35296 --- [main] org.apache.catalina.core.StandardEngine  : Starting Servlet engine: [Apache Tomcat/9.0.58]
2022-05-11 09:58:13.795  INFO [Bluewaterdataservice,,] 35296 --- [main] o.a.c.c.C.[Tomcat].[localhost].[/]       : Initializing Spring embedded WebApplicationContext
2022-05-11 09:58:13.795  INFO [Bluewaterdataservice,,] 35296 --- [main] w.s.c.ServletWebServerApplicationContext : Root WebApplicationContext: initialization completed in 1774 ms
2022-05-11 09:58:15.070  INFO [Bluewaterdataservice,,] 35296 --- [main] DiscoveryClientOptionalArgsConfiguration : Eureka HTTP Client uses RestTemplate.
2022-05-11 09:58:15.472  WARN [Bluewaterdataservice,,] 35296 --- [main] iguration$LoadBalancerCaffeineWarnLogger : Spring Cloud LoadBalancer is currently working with the default cache. While this cache implementation is useful for development and tests, it's recommended to use Caffeine cache in production.You can switch to using Caffeine cache, by adding it and org.springframework.cache.caffeine.CaffeineCacheManager to the classpath.
2022-05-11 09:58:15.532  INFO [Bluewaterdataservice,,] 35296 --- [main] o.s.c.n.eureka.InstanceInfoFactory       : Setting initial instance status as: STARTING
2022-05-11 09:58:16.179  INFO [Bluewaterdataservice,,] 35296 --- [main] o.s.c.n.e.s.EurekaServiceRegistry        : Registering application BLUEWATERDATASERVICE with eureka with status UP
2022-05-11 09:58:16.208  INFO [Bluewaterdataservice,,] 35296 --- [main] o.s.b.w.embedded.tomcat.TomcatWebServer  : Tomcat started on port(s): 8888 (http) with context path ''
2022-05-11 09:58:16.210  INFO [Bluewaterdataservice,,] 35296 --- [main] .s.c.n.e.s.EurekaAutoServiceRegistration : Updating port to 8888
2022-05-11 09:58:16.386  INFO [Bluewaterdataservice,,] 35296 --- [main] c.b.d.b.BluewaterdataserviceApplication  : Started BluewaterdataserviceApplication in 5.063 seconds (JVM running for 5.508)
2022-05-11 09:59:53.320  INFO [Bluewaterdataservice,d237e378ac82448b,d237e378ac82448b] 35296 --- [http-nio-8888-exec-1] o.a.c.c.C.[Tomcat].[localhost].[/]       : Initializing Spring DispatcherServlet 'dispatcherServlet'
2022-05-11 09:59:53.320  INFO [Bluewaterdataservice,d237e378ac82448b,d237e378ac82448b] 35296 --- [http-nio-8888-exec-1] o.s.web.servlet.DispatcherServlet        : Initializing Servlet 'dispatcherServlet'
2022-05-11 09:59:53.330  INFO [Bluewaterdataservice,d237e378ac82448b,d237e378ac82448b] 35296 --- [http-nio-8888-exec-1] o.s.web.servlet.DispatcherServlet        : Completed initialization in 0 ms
2022-05-11 09:59:53.350  INFO [Bluewaterdataservice,d237e378ac82448b,d237e378ac82448b] 35296 --- [http-nio-8888-exec-1] c.b.d.b.MainController                   : Hello World from Bluewater main controller!
2022-05-11 10:00:30.890  INFO [Bluewaterdataservice,d6cd52059209d1b2,f60a080b33c4140a] 35296 --- [http-nio-8888-exec-2] c.b.d.b.MainController                   : Hello World from Bluewater main controller!
2022-05-11 12:34:52.403  INFO [Bluewaterdataservice,,] 17568 --- [main] c.b.d.b.BluewaterdataserviceApplication  : Starting BluewaterdataserviceApplication v0.0.1-SNAPSHOT using Java 15 on DESKTOP-F6VKB7S with PID 17568 (C:\mydata\myjava\MyMicroservice\bluewaterdataservice\target\bluewaterdataservice-0.0.1-SNAPSHOT.jar started by Chung2 in C:\mydata\myjava\MyMicroservice\bluewaterdataservice)
2022-05-11 12:34:52.408  INFO [Bluewaterdataservice,,] 17568 --- [main] c.b.d.b.BluewaterdataserviceApplication  : No active profile set, falling back to 1 default profile: "default"
2022-05-11 12:34:53.665  INFO [Bluewaterdataservice,,] 17568 --- [main] o.s.cloud.context.scope.GenericScope     : BeanFactory id=2044660a-89b1-3df7-87f2-d8ebde038d3c
2022-05-11 12:34:54.539  INFO [Bluewaterdataservice,,] 17568 --- [main] o.s.b.w.embedded.tomcat.TomcatWebServer  : Tomcat initialized with port(s): 8890 (http)
2022-05-11 12:34:54.555  INFO [Bluewaterdataservice,,] 17568 --- [main] o.apache.catalina.core.StandardService   : Starting service [Tomcat]
2022-05-11 12:34:54.556  INFO [Bluewaterdataservice,,] 17568 --- [main] org.apache.catalina.core.StandardEngine  : Starting Servlet engine: [Apache Tomcat/9.0.58]
2022-05-11 12:34:54.637  INFO [Bluewaterdataservice,,] 17568 --- [main] o.a.c.c.C.[Tomcat].[localhost].[/]       : Initializing Spring embedded WebApplicationContext
2022-05-11 12:34:54.638  INFO [Bluewaterdataservice,,] 17568 --- [main] w.s.c.ServletWebServerApplicationContext : Root WebApplicationContext: initialization completed in 2169 ms
2022-05-11 12:34:56.294  INFO [Bluewaterdataservice,,] 17568 --- [main] DiscoveryClientOptionalArgsConfiguration : Eureka HTTP Client uses RestTemplate.
2022-05-11 12:34:56.806  WARN [Bluewaterdataservice,,] 17568 --- [main] iguration$LoadBalancerCaffeineWarnLogger : Spring Cloud LoadBalancer is currently working with the default cache. While this cache implementation is useful for development and tests, it's recommended to use Caffeine cache in production.You can switch to using Caffeine cache, by adding it and org.springframework.cache.caffeine.CaffeineCacheManager to the classpath.
2022-05-11 12:34:56.892  INFO [Bluewaterdataservice,,] 17568 --- [main] o.s.c.n.eureka.InstanceInfoFactory       : Setting initial instance status as: STARTING
2022-05-11 12:34:57.651  INFO [Bluewaterdataservice,,] 17568 --- [main] o.s.c.n.e.s.EurekaServiceRegistry        : Registering application BLUEWATERDATASERVICE with eureka with status UP
2022-05-11 12:34:57.683  INFO [Bluewaterdataservice,,] 17568 --- [main] o.s.b.w.embedded.tomcat.TomcatWebServer  : Tomcat started on port(s): 8890 (http) with context path ''
2022-05-11 12:34:57.685  INFO [Bluewaterdataservice,,] 17568 --- [main] .s.c.n.e.s.EurekaAutoServiceRegistration : Updating port to 8890
2022-05-11 12:34:57.907  INFO [Bluewaterdataservice,,] 17568 --- [main] c.b.d.b.BluewaterdataserviceApplication  : Started BluewaterdataserviceApplication in 6.351 seconds (JVM running for 6.92)
2022-05-11 12:36:20.876  INFO [Bluewaterdataservice,,] 28632 --- [main] c.b.d.b.BluewaterdataserviceApplication  : Starting BluewaterdataserviceApplication v0.0.1-SNAPSHOT using Java 15 on DESKTOP-F6VKB7S with PID 28632 (C:\mydata\myjava\MyMicroservice\bluewaterdataservice\target\bluewaterdataservice-0.0.1-SNAPSHOT.jar started by Chung2 in C:\mydata\myjava\MyMicroservice\bluewaterdataservice)
2022-05-11 12:36:20.880  INFO [Bluewaterdataservice,,] 28632 --- [main] c.b.d.b.BluewaterdataserviceApplication  : No active profile set, falling back to 1 default profile: "default"
2022-05-11 12:36:22.193  INFO [Bluewaterdataservice,,] 28632 --- [main] o.s.cloud.context.scope.GenericScope     : BeanFactory id=2044660a-89b1-3df7-87f2-d8ebde038d3c
2022-05-11 12:36:23.045  INFO [Bluewaterdataservice,,] 28632 --- [main] o.s.b.w.embedded.tomcat.TomcatWebServer  : Tomcat initialized with port(s): 8889 (http)
2022-05-11 12:36:23.056  INFO [Bluewaterdataservice,,] 28632 --- [main] o.apache.catalina.core.StandardService   : Starting service [Tomcat]
2022-05-11 12:36:23.056  INFO [Bluewaterdataservice,,] 28632 --- [main] org.apache.catalina.core.StandardEngine  : Starting Servlet engine: [Apache Tomcat/9.0.58]
2022-05-11 12:36:23.121  INFO [Bluewaterdataservice,,] 28632 --- [main] o.a.c.c.C.[Tomcat].[localhost].[/]       : Initializing Spring embedded WebApplicationContext
2022-05-11 12:36:23.122  INFO [Bluewaterdataservice,,] 28632 --- [main] w.s.c.ServletWebServerApplicationContext : Root WebApplicationContext: initialization completed in 2185 ms
2022-05-11 12:36:24.733  INFO [Bluewaterdataservice,,] 28632 --- [main] DiscoveryClientOptionalArgsConfiguration : Eureka HTTP Client uses RestTemplate.
2022-05-11 12:36:25.241  WARN [Bluewaterdataservice,,] 28632 --- [main] iguration$LoadBalancerCaffeineWarnLogger : Spring Cloud LoadBalancer is currently working with the default cache. While this cache implementation is useful for development and tests, it's recommended to use Caffeine cache in production.You can switch to using Caffeine cache, by adding it and org.springframework.cache.caffeine.CaffeineCacheManager to the classpath.
2022-05-11 12:36:25.326  INFO [Bluewaterdataservice,,] 28632 --- [main] o.s.c.n.eureka.InstanceInfoFactory       : Setting initial instance status as: STARTING
2022-05-11 12:36:26.107  INFO [Bluewaterdataservice,,] 28632 --- [main] o.s.c.n.e.s.EurekaServiceRegistry        : Registering application BLUEWATERDATASERVICE with eureka with status UP
2022-05-11 12:36:26.146  INFO [Bluewaterdataservice,,] 28632 --- [main] o.s.b.w.embedded.tomcat.TomcatWebServer  : Tomcat started on port(s): 8889 (http) with context path ''
2022-05-11 12:36:26.148  INFO [Bluewaterdataservice,,] 28632 --- [main] .s.c.n.e.s.EurekaAutoServiceRegistration : Updating port to 8889
2022-05-11 12:36:26.363  INFO [Bluewaterdataservice,,] 28632 --- [main] c.b.d.b.BluewaterdataserviceApplication  : Started BluewaterdataserviceApplication in 6.238 seconds (JVM running for 6.792)
2022-05-11 12:37:23.963  INFO [Bluewaterdataservice,d8da2b749d567943,d8da2b749d567943] 28632 --- [http-nio-8889-exec-1] o.a.c.c.C.[Tomcat].[localhost].[/]       : Initializing Spring DispatcherServlet 'dispatcherServlet'
2022-05-11 12:37:23.964  INFO [Bluewaterdataservice,d8da2b749d567943,d8da2b749d567943] 28632 --- [http-nio-8889-exec-1] o.s.web.servlet.DispatcherServlet        : Initializing Servlet 'dispatcherServlet'
2022-05-11 12:37:23.965  INFO [Bluewaterdataservice,d8da2b749d567943,d8da2b749d567943] 28632 --- [http-nio-8889-exec-1] o.s.web.servlet.DispatcherServlet        : Completed initialization in 1 ms
2022-05-11 12:37:24.012  INFO [Bluewaterdataservice,d8da2b749d567943,d8da2b749d567943] 28632 --- [http-nio-8889-exec-1] c.b.d.b.MainController                   : Hello World from Bluewater main controller!
2022-05-11 12:37:34.540  INFO [Bluewaterdataservice,a3627a176e337907,a3627a176e337907] 28632 --- [http-nio-8889-exec-2] c.b.d.b.MainController                   : Hello World from Bluewater main controller!
2022-05-11 12:37:35.541  INFO [Bluewaterdataservice,d7695b11888fc96e,d7695b11888fc96e] 28632 --- [http-nio-8889-exec-3] c.b.d.b.MainController                   : Hello World from Bluewater main controller!
2022-05-11 12:37:37.460  INFO [Bluewaterdataservice,48d9f502fd9e350d,48d9f502fd9e350d] 28632 --- [http-nio-8889-exec-4] c.b.d.b.MainController                   : Hello World from Bluewater main controller!
2022-05-11 12:37:40.999  INFO [Bluewaterdataservice,103d7a01992deb55,103d7a01992deb55] 28632 --- [http-nio-8889-exec-5] c.b.d.b.MainController                   : Hello World from Bluewater main controller!
2022-05-11 12:37:41.784  INFO [Bluewaterdataservice,305e7c2de7831470,305e7c2de7831470] 28632 --- [http-nio-8889-exec-6] c.b.d.b.MainController                   : Hello World from Bluewater main controller!
2022-05-11 12:37:45.002  INFO [Bluewaterdataservice,3f1ac2ba02694a9f,3f1ac2ba02694a9f] 28632 --- [http-nio-8889-exec-7] c.b.d.b.MainController                   : Hello World from Bluewater main controller!
2022-05-11 12:37:45.810  INFO [Bluewaterdataservice,4ab1eeb0f5bcbfaf,4ab1eeb0f5bcbfaf] 28632 --- [http-nio-8889-exec-8] c.b.d.b.MainController                   : Hello World from Bluewater main controller!
2022-05-11 12:37:47.007  INFO [Bluewaterdataservice,73247823e67c8411,73247823e67c8411] 28632 --- [http-nio-8889-exec-9] c.b.d.b.MainController                   : Hello World from Bluewater main controller!
2022-05-11 12:37:47.838  INFO [Bluewaterdataservice,aa71922dd398b33f,aa71922dd398b33f] 17568 --- [http-nio-8890-exec-1] o.a.c.c.C.[Tomcat].[localhost].[/]       : Initializing Spring DispatcherServlet 'dispatcherServlet'
2022-05-11 12:37:47.839  INFO [Bluewaterdataservice,aa71922dd398b33f,aa71922dd398b33f] 17568 --- [http-nio-8890-exec-1] o.s.web.servlet.DispatcherServlet        : Initializing Servlet 'dispatcherServlet'
2022-05-11 12:37:47.841  INFO [Bluewaterdataservice,aa71922dd398b33f,aa71922dd398b33f] 17568 --- [http-nio-8890-exec-1] o.s.web.servlet.DispatcherServlet        : Completed initialization in 1 ms
2022-05-11 12:37:47.873  INFO [Bluewaterdataservice,aa71922dd398b33f,aa71922dd398b33f] 17568 --- [http-nio-8890-exec-1] c.b.d.b.MainController                   : Hello World from Bluewater main controller!
2022-05-11 12:37:58.816  INFO [Bluewaterdataservice,8a5bd8e5759a53f6,eaac02fa0e5699d0] 35296 --- [http-nio-8888-exec-8] c.b.d.b.MainController                   : Hello World from Bluewater main controller!
2022-05-11 12:38:06.044  INFO [Bluewaterdataservice,1bf512f46c0955f8,5436c6f9a0a49a48] 17568 --- [http-nio-8890-exec-2] c.b.d.b.MainController                   : Hello World from Bluewater main controller!
2022-05-11 12:38:07.029  INFO [Bluewaterdataservice,39954beb64bcb842,39b4df22174647af] 28632 --- [http-nio-8889-exec-10] c.b.d.b.MainController                   : Hello World from Bluewater main controller!
2022-05-11 12:38:07.805  INFO [Bluewaterdataservice,23ba0042b6e47351,e9ae2dbc4b855494] 35296 --- [http-nio-8888-exec-7] c.b.d.b.MainController                   : Hello World from Bluewater main controller!
2022-05-11 12:38:08.520  INFO [Bluewaterdataservice,045603caf5305677,fe7b6dcfbcffbf42] 17568 --- [http-nio-8890-exec-3] c.b.d.b.MainController                   : Hello World from Bluewater main controller!
2022-05-11 12:38:09.296  INFO [Bluewaterdataservice,236d9ec53ca4c7bc,dd1391c265d6c363] 28632 --- [http-nio-8889-exec-1] c.b.d.b.MainController                   : Hello World from Bluewater main controller!
2022-05-11 12:38:09.890  INFO [Bluewaterdataservice,8bd2d51e4212343b,0dbc5b57050ad23c] 35296 --- [http-nio-8888-exec-9] c.b.d.b.MainController                   : Hello World from Bluewater main controller!
2022-05-11 12:38:10.558  INFO [Bluewaterdataservice,751a5dd39c01c298,1b04c7d49dadc40e] 17568 --- [http-nio-8890-exec-4] c.b.d.b.MainController                   : Hello World from Bluewater main controller!
2022-05-11 12:38:11.130  INFO [Bluewaterdataservice,f4c1bdbcee143fdf,a50e3b21612cf985] 28632 --- [http-nio-8889-exec-2] c.b.d.b.MainController                   : Hello World from Bluewater main controller!
2022-05-11 12:38:11.839  INFO [Bluewaterdataservice,fac614d3448fa7c3,a0ebdce7759d6748] 35296 --- [http-nio-8888-exec-10] c.b.d.b.MainController                   : Hello World from Bluewater main controller!
2022-05-11 12:38:12.691  INFO [Bluewaterdataservice,4f7cd1b34ddce4bd,e41d8beb9a77d459] 17568 --- [http-nio-8890-exec-5] c.b.d.b.MainController                   : Hello World from Bluewater main controller!
2022-05-11 12:38:13.287  INFO [Bluewaterdataservice,c3642c037161b2c6,6e79a73c86697640] 28632 --- [http-nio-8889-exec-3] c.b.d.b.MainController                   : Hello World from Bluewater main controller!
2022-05-11 12:38:14.509  INFO [Bluewaterdataservice,ee9341980896bec4,a79231460b96d5a2] 35296 --- [http-nio-8888-exec-1] c.b.d.b.MainController                   : Hello World from Bluewater main controller!
2022-05-11 12:38:15.004  INFO [Bluewaterdataservice,f9b479b7507b28e6,5e94c6c209117e35] 17568 --- [http-nio-8890-exec-6] c.b.d.b.MainController                   : Hello World from Bluewater main controller!
2022-05-11 12:38:15.761  INFO [Bluewaterdataservice,bb992bfe9d0863b4,612ad5ad8cecc28a] 28632 --- [http-nio-8889-exec-4] c.b.d.b.MainController                   : Hello World from Bluewater main controller!
2022-05-11 12:38:17.849  INFO [Bluewaterdataservice,52a02b5e0ee2018d,549c1ce4b8145f36] 35296 --- [http-nio-8888-exec-2] c.b.d.b.MainController                   : Hello World from Bluewater main controller!
2022-05-11 12:38:18.866  INFO [Bluewaterdataservice,7f5ddd9899ebc26b,fe0129f1a6b13111] 17568 --- [http-nio-8890-exec-7] c.b.d.b.MainController                   : Hello World from Bluewater main controller!
2022-05-11 12:38:21.305  INFO [Bluewaterdataservice,7a510fd6e95c6754,f15d2115dc9b3839] 28632 --- [http-nio-8889-exec-5] c.b.d.b.MainController                   : Hello World from Bluewater main controller!
2022-05-11 12:38:21.949  INFO [Bluewaterdataservice,c1c0129946a59f8a,8307c3241bbd54b0] 35296 --- [http-nio-8888-exec-3] c.b.d.b.MainController                   : Hello World from Bluewater main controller!
2022-05-11 12:38:22.257  INFO [Bluewaterdataservice,2be4db877343abf5,578cd6123a328151] 17568 --- [http-nio-8890-exec-8] c.b.d.b.MainController                   : Hello World from Bluewater main controller!
2022-05-11 12:38:22.543  INFO [Bluewaterdataservice,cf9132588f3da4ef,eb6f3a5c27a59789] 28632 --- [http-nio-8889-exec-6] c.b.d.b.MainController                   : Hello World from Bluewater main controller!
2022-05-11 12:38:29.717  INFO [Bluewaterdataservice,0b246b6a66307f12,1695c5b81ae2c53e] 35296 --- [http-nio-8888-exec-4] c.b.d.b.MainController                   : Hello World from Bluewater main controller!
2022-05-11 12:38:31.794  INFO [Bluewaterdataservice,83793b668228b082,bc4d4e32445d9b7d] 17568 --- [http-nio-8890-exec-9] c.b.d.b.MainController                   : Hello World from Bluewater main controller!
2022-05-11 12:38:32.357  INFO [Bluewaterdataservice,65be8922ec4df73c,26bb50be1d7b2246] 28632 --- [http-nio-8889-exec-7] c.b.d.b.MainController                   : Hello World from Bluewater main controller!
2022-05-11 12:38:32.998  INFO [Bluewaterdataservice,a907c14bd0fec02f,af2c8d07fab623b7] 35296 --- [http-nio-8888-exec-5] c.b.d.b.MainController                   : Hello World from Bluewater main controller!
2022-05-11 12:38:33.230  INFO [Bluewaterdataservice,40a2ad58e8478ba9,6bb47668f0c05b79] 17568 --- [http-nio-8890-exec-10] c.b.d.b.MainController                   : Hello World from Bluewater main controller!
2022-05-11 12:38:33.657  INFO [Bluewaterdataservice,87e089124496f630,ef01cb565dd0974b] 28632 --- [http-nio-8889-exec-8] c.b.d.b.MainController                   : Hello World from Bluewater main controller!
2022-05-11 12:38:33.880  INFO [Bluewaterdataservice,d32069b633225783,2b11616a5c64d507] 17568 --- [http-nio-8890-exec-1] c.b.d.b.MainController                   : Hello World from Bluewater main controller!
2022-05-11 12:38:34.201  INFO [Bluewaterdataservice,c83dd4dfede7b5cb,75f46add495e219a] 35296 --- [http-nio-8888-exec-6] c.b.d.b.MainController                   : Hello World from Bluewater main controller!
2022-05-11 12:38:34.495  INFO [Bluewaterdataservice,e0a30122d513955a,89fe825e46c7146a] 28632 --- [http-nio-8889-exec-9] c.b.d.b.MainController                   : Hello World from Bluewater main controller!
2022-05-11 12:38:35.093  INFO [Bluewaterdataservice,2e581420af7a5ea8,e4c8e315724f171c] 17568 --- [http-nio-8890-exec-2] c.b.d.b.MainController                   : Hello World from Bluewater main controller!
2022-05-11 12:38:35.372  INFO [Bluewaterdataservice,0c491ad6ef972e14,3d4adc8f8389bde7] 35296 --- [http-nio-8888-exec-8] c.b.d.b.MainController                   : Hello World from Bluewater main controller!
2022-05-11 12:38:35.597  INFO [Bluewaterdataservice,bc156a334e2860b0,45823078d9a06329] 28632 --- [http-nio-8889-exec-10] c.b.d.b.MainController                   : Hello World from Bluewater main controller!
2022-05-11 12:38:36.261  INFO [Bluewaterdataservice,4a9d7ad8a6b87c75,287f7f0e49ea3ef1] 17568 --- [http-nio-8890-exec-3] c.b.d.b.MainController                   : Hello World from Bluewater main controller!
2022-05-11 12:38:36.728  INFO [Bluewaterdataservice,410abf01cbfa8e67,23a9af8868ca7ee7] 35296 --- [http-nio-8888-exec-7] c.b.d.b.MainController                   : Hello World from Bluewater main controller!
2022-05-11 12:41:17.794  INFO [Bluewaterdataservice,8b633d766ab63507,eb6d29c0cd792faf] 28632 --- [http-nio-8889-exec-2] c.b.d.b.MainController                   : Hello World from Bluewater main controller!
2022-05-11 12:41:18.468  INFO [Bluewaterdataservice,049b7d27fe73cc08,d826d545a617b16e] 17568 --- [http-nio-8890-exec-5] c.b.d.b.MainController                   : Hello World from Bluewater main controller!
2022-05-11 12:41:19.125  INFO [Bluewaterdataservice,d8a7b459362e582f,12e42182ac06bacc] 35296 --- [http-nio-8888-exec-10] c.b.d.b.MainController                   : Hello World from Bluewater main controller!
2022-05-11 12:41:19.835  INFO [Bluewaterdataservice,685cfc348ffe324f,16c229926ee33d96] 28632 --- [http-nio-8889-exec-3] c.b.d.b.MainController                   : Hello World from Bluewater main controller!
2022-05-11 12:41:21.420  INFO [Bluewaterdataservice,935fd2bf13f303ae,88681c62b00bb8d2] 17568 --- [http-nio-8890-exec-6] c.b.d.b.MainController                   : Hello World from Bluewater main controller!
2022-05-11 12:41:22.093  INFO [Bluewaterdataservice,457d0fa278e0fcc1,747e53a656dadf4d] 35296 --- [http-nio-8888-exec-1] c.b.d.b.MainController                   : Hello World from Bluewater main controller!
2022-05-11 12:41:22.529  INFO [Bluewaterdataservice,947602ab0e383730,3245f472b1ae2b24] 28632 --- [http-nio-8889-exec-4] c.b.d.b.MainController                   : Hello World from Bluewater main controller!
2022-05-11 12:41:30.178  INFO [Bluewaterdataservice,e52a7832eaa7a6e5,dac0fadbcb5550d2] 17568 --- [http-nio-8890-exec-7] c.b.d.b.MainController                   : Hello World from Bluewater main controller!
2022-05-11 12:41:30.548  INFO [Bluewaterdataservice,a966e731537b52e5,43e22ae96781e384] 35296 --- [http-nio-8888-exec-2] c.b.d.b.MainController                   : Hello World from Bluewater main controller!
2022-05-11 12:41:30.879  INFO [Bluewaterdataservice,fbd9a22423248de0,50516cc51202aa36] 28632 --- [http-nio-8889-exec-5] c.b.d.b.MainController                   : Hello World from Bluewater main controller!
2022-05-11 12:41:31.481  INFO [Bluewaterdataservice,53b40148382a992b,be61122287a595cd] 17568 --- [http-nio-8890-exec-8] c.b.d.b.MainController                   : Hello World from Bluewater main controller!
2022-05-11 12:41:32.073  INFO [Bluewaterdataservice,ead4f3b0ec669ff3,3b5031e8ae4a3e6c] 35296 --- [http-nio-8888-exec-3] c.b.d.b.MainController                   : Hello World from Bluewater main controller!
2022-05-11 12:41:33.431  INFO [Bluewaterdataservice,66b84cb013368501,71ffe80ab5bb579f] 28632 --- [http-nio-8889-exec-6] c.b.d.b.MainController                   : Hello World from Bluewater main controller!
2022-05-11 12:41:41.058  INFO [Bluewaterdataservice,,] 7236 --- [main] c.b.d.b.BluewaterdataserviceApplication  : Starting BluewaterdataserviceApplication v0.0.1-SNAPSHOT using Java 15 on DESKTOP-F6VKB7S with PID 7236 (C:\mydata\myjava\MyMicroservice\bluewaterdataservice\target\bluewaterdataservice-0.0.1-SNAPSHOT.jar started by Chung2 in C:\mydata\myjava\MyMicroservice\bluewaterdataservice)
2022-05-11 12:41:41.061  INFO [Bluewaterdataservice,,] 7236 --- [main] c.b.d.b.BluewaterdataserviceApplication  : No active profile set, falling back to 1 default profile: "default"
2022-05-11 12:41:42.350  INFO [Bluewaterdataservice,,] 7236 --- [main] o.s.cloud.context.scope.GenericScope     : BeanFactory id=2044660a-89b1-3df7-87f2-d8ebde038d3c
2022-05-11 12:41:43.236  INFO [Bluewaterdataservice,,] 7236 --- [main] o.s.b.w.embedded.tomcat.TomcatWebServer  : Tomcat initialized with port(s): 8891 (http)
2022-05-11 12:41:43.257  INFO [Bluewaterdataservice,,] 7236 --- [main] o.apache.catalina.core.StandardService   : Starting service [Tomcat]
2022-05-11 12:41:43.258  INFO [Bluewaterdataservice,,] 7236 --- [main] org.apache.catalina.core.StandardEngine  : Starting Servlet engine: [Apache Tomcat/9.0.58]
2022-05-11 12:41:43.342  INFO [Bluewaterdataservice,,] 7236 --- [main] o.a.c.c.C.[Tomcat].[localhost].[/]       : Initializing Spring embedded WebApplicationContext
2022-05-11 12:41:43.343  INFO [Bluewaterdataservice,,] 7236 --- [main] w.s.c.ServletWebServerApplicationContext : Root WebApplicationContext: initialization completed in 2225 ms
2022-05-11 12:41:44.965  INFO [Bluewaterdataservice,,] 7236 --- [main] DiscoveryClientOptionalArgsConfiguration : Eureka HTTP Client uses RestTemplate.
2022-05-11 12:41:45.476  WARN [Bluewaterdataservice,,] 7236 --- [main] iguration$LoadBalancerCaffeineWarnLogger : Spring Cloud LoadBalancer is currently working with the default cache. While this cache implementation is useful for development and tests, it's recommended to use Caffeine cache in production.You can switch to using Caffeine cache, by adding it and org.springframework.cache.caffeine.CaffeineCacheManager to the classpath.
2022-05-11 12:41:45.556  INFO [Bluewaterdataservice,,] 7236 --- [main] o.s.c.n.eureka.InstanceInfoFactory       : Setting initial instance status as: STARTING
2022-05-11 12:41:50.276  INFO [Bluewaterdataservice,,] 7236 --- [main] o.s.c.n.e.s.EurekaServiceRegistry        : Registering application BLUEWATERDATASERVICE with eureka with status UP
2022-05-11 12:41:50.306  INFO [Bluewaterdataservice,,] 7236 --- [main] o.s.b.w.embedded.tomcat.TomcatWebServer  : Tomcat started on port(s): 8891 (http) with context path ''
2022-05-11 12:41:50.308  INFO [Bluewaterdataservice,,] 7236 --- [main] .s.c.n.e.s.EurekaAutoServiceRegistration : Updating port to 8891
2022-05-11 12:41:50.486  INFO [Bluewaterdataservice,,] 7236 --- [main] c.b.d.b.BluewaterdataserviceApplication  : Started BluewaterdataserviceApplication in 10.221 seconds (JVM running for 10.783)
2022-05-11 12:41:56.489  INFO [Bluewaterdataservice,132d518e8e7c4e05,de501cc39ca49deb] 17568 --- [http-nio-8890-exec-9] c.b.d.b.MainController                   : Hello World from Bluewater main controller!
2022-05-11 12:41:56.936  INFO [Bluewaterdataservice,7fca8214a3f520b6,18a25f9b74d8e786] 35296 --- [http-nio-8888-exec-4] c.b.d.b.MainController                   : Hello World from Bluewater main controller!
2022-05-11 12:41:57.332  INFO [Bluewaterdataservice,be4c75713dea6456,e58dda6293623f77] 28632 --- [http-nio-8889-exec-7] c.b.d.b.MainController                   : Hello World from Bluewater main controller!
2022-05-11 12:41:57.662  INFO [Bluewaterdataservice,3b66d1dd7bcb6fd3,d376f35aced70ee0] 17568 --- [http-nio-8890-exec-10] c.b.d.b.MainController                   : Hello World from Bluewater main controller!
2022-05-11 12:41:57.920  INFO [Bluewaterdataservice,3e6d5b311c683dec,0122d0aa77069e25] 35296 --- [http-nio-8888-exec-5] c.b.d.b.MainController                   : Hello World from Bluewater main controller!
2022-05-11 12:41:58.137  INFO [Bluewaterdataservice,fbc8b334a9e971c2,ac089842c06771bb] 28632 --- [http-nio-8889-exec-8] c.b.d.b.MainController                   : Hello World from Bluewater main controller!
2022-05-11 12:41:58.470  INFO [Bluewaterdataservice,346e98397ffee49b,c62a418103c648ef] 17568 --- [http-nio-8890-exec-1] c.b.d.b.MainController                   : Hello World from Bluewater main controller!
2022-05-11 12:41:58.790  INFO [Bluewaterdataservice,60c6546202e60bca,ff9f1f2079e48d76] 35296 --- [http-nio-8888-exec-6] c.b.d.b.MainController                   : Hello World from Bluewater main controller!
2022-05-11 12:41:59.150  INFO [Bluewaterdataservice,241b8094782b00ba,f932b09d2b08ba9c] 28632 --- [http-nio-8889-exec-9] c.b.d.b.MainController                   : Hello World from Bluewater main controller!
2022-05-11 12:42:47.275  INFO [Bluewaterdataservice,1b10ee502061e510,170c2abb06c8b2d2] 35296 --- [http-nio-8888-exec-8] c.b.d.b.MainController                   : Hello World from Bluewater main controller!
2022-05-11 12:42:47.987  INFO [Bluewaterdataservice,77149c6d9e0ba5a7,64cc2433234fb9da] 7236 --- [http-nio-8891-exec-1] o.a.c.c.C.[Tomcat].[localhost].[/]       : Initializing Spring DispatcherServlet 'dispatcherServlet'
2022-05-11 12:42:47.988  INFO [Bluewaterdataservice,77149c6d9e0ba5a7,64cc2433234fb9da] 7236 --- [http-nio-8891-exec-1] o.s.web.servlet.DispatcherServlet        : Initializing Servlet 'dispatcherServlet'
2022-05-11 12:42:47.991  INFO [Bluewaterdataservice,77149c6d9e0ba5a7,64cc2433234fb9da] 7236 --- [http-nio-8891-exec-1] o.s.web.servlet.DispatcherServlet        : Completed initialization in 1 ms
2022-05-11 12:42:48.023  INFO [Bluewaterdataservice,77149c6d9e0ba5a7,64cc2433234fb9da] 7236 --- [http-nio-8891-exec-1] c.b.d.b.MainController                   : Hello World from Bluewater main controller!
2022-05-11 12:42:49.269  INFO [Bluewaterdataservice,454964c88ea58905,b646b2ceafdb787d] 35296 --- [http-nio-8888-exec-7] c.b.d.b.MainController                   : Hello World from Bluewater main controller!
2022-05-11 12:42:49.801  INFO [Bluewaterdataservice,c5686c6a7cc08c21,c286cccdeb2fabf6] 7236 --- [http-nio-8891-exec-2] c.b.d.b.MainController                   : Hello World from Bluewater main controller!
2022-05-11 12:42:50.315  INFO [Bluewaterdataservice,44d7793638b8b1ea,88e6d007f85bcf45] 35296 --- [http-nio-8888-exec-9] c.b.d.b.MainController                   : Hello World from Bluewater main controller!
2022-05-11 12:42:55.263  INFO [Bluewaterdataservice,7eae4735b1804778,622f0b3c5ef6aba6] 7236 --- [http-nio-8891-exec-3] c.b.d.b.MainController                   : Hello World from Bluewater main controller!
2022-05-11 12:42:55.852  INFO [Bluewaterdataservice,419d86783b9c094b,47dd094cabdb025b] 35296 --- [http-nio-8888-exec-10] c.b.d.b.MainController                   : Hello World from Bluewater main controller!
2022-05-11 12:42:56.419  INFO [Bluewaterdataservice,22679b7ee529c298,0d8cfe80e69ebfa4] 7236 --- [http-nio-8891-exec-4] c.b.d.b.MainController                   : Hello World from Bluewater main controller!
2022-05-11 12:43:04.186  INFO [Bluewaterdataservice,1868ef22c34f2deb,bcc094ef12f3fcb2] 35296 --- [http-nio-8888-exec-1] c.b.d.b.MainController                   : Hello World from Bluewater main controller!
2022-05-11 12:43:04.826  INFO [Bluewaterdataservice,d61737d8ceccbdba,03a46888e1428db8] 7236 --- [http-nio-8891-exec-5] c.b.d.b.MainController                   : Hello World from Bluewater main controller!
2022-05-11 12:43:05.300  INFO [Bluewaterdataservice,5b1fede8c0c316fa,b04cca05195a64bc] 35296 --- [http-nio-8888-exec-2] c.b.d.b.MainController                   : Hello World from Bluewater main controller!
2022-05-11 12:43:05.822  INFO [Bluewaterdataservice,485a699aaa729720,cd5fe256509def55] 7236 --- [http-nio-8891-exec-6] c.b.d.b.MainController                   : Hello World from Bluewater main controller!
2022-05-11 12:43:13.491  INFO [Bluewaterdataservice,c9f8b0a3c5671b40,e1f2bed24e60c934] 35296 --- [http-nio-8888-exec-3] c.b.d.b.MainController                   : Hello World from Bluewater main controller!
2022-05-11 12:43:15.476  INFO [Bluewaterdataservice,36781e14f8168cb6,0548aa2f43c4b1f1] 7236 --- [http-nio-8891-exec-7] c.b.d.b.MainController                   : Hello World from Bluewater main controller!
2022-05-11 12:43:16.118  INFO [Bluewaterdataservice,3f1d3f28737f59ab,3552fc6f1a6722a8] 35296 --- [http-nio-8888-exec-4] c.b.d.b.MainController                   : Hello World from Bluewater main controller!
2022-05-11 12:43:16.894  INFO [Bluewaterdataservice,7ee87e2991bd90a9,973a2c9394a43d8c] 7236 --- [http-nio-8891-exec-8] c.b.d.b.MainController                   : Hello World from Bluewater main controller!
2022-05-11 12:43:17.498  INFO [Bluewaterdataservice,ca9a86438f5088a9,404f8dfe979dbeca] 35296 --- [http-nio-8888-exec-5] c.b.d.b.MainController                   : Hello World from Bluewater main controller!
2022-05-11 12:43:31.694  INFO [Bluewaterdataservice,c7bc76bac4709c01,5b3c7904868ce8e6] 17568 --- [http-nio-8890-exec-3] c.b.d.b.MainController                   : Hello World from Bluewater main controller!
2022-05-11 12:43:32.486  INFO [Bluewaterdataservice,4f57616bc0dd3a1e,e8e9ebf79fb93268] 7236 --- [http-nio-8891-exec-9] c.b.d.b.MainController                   : Hello World from Bluewater main controller!
2022-05-11 12:43:32.984  INFO [Bluewaterdataservice,e1352293bb5ad489,06bc1dc302998eb4] 28632 --- [http-nio-8889-exec-1] c.b.d.b.MainController                   : Hello World from Bluewater main controller!
2022-05-11 12:43:33.548  INFO [Bluewaterdataservice,e23901eef91de6cc,6a9c4e50ca6e4bc3] 35296 --- [http-nio-8888-exec-6] c.b.d.b.MainController                   : Hello World from Bluewater main controller!
2022-05-11 12:43:34.086  INFO [Bluewaterdataservice,2eef222aad09c2ac,36894f36f35a33f7] 17568 --- [http-nio-8890-exec-4] c.b.d.b.MainController                   : Hello World from Bluewater main controller!
2022-05-11 12:43:34.622  INFO [Bluewaterdataservice,29114113057034eb,625ec0a29f37d8fb] 7236 --- [http-nio-8891-exec-10] c.b.d.b.MainController                   : Hello World from Bluewater main controller!
2022-05-11 12:43:44.114  INFO [Bluewaterdataservice,91f53a89beddfe87,5efe2663fd1f42f3] 28632 --- [http-nio-8889-exec-2] c.b.d.b.MainController                   : Hello World from Bluewater main controller!
2022-05-11 12:43:44.596  INFO [Bluewaterdataservice,79be80b6dac434de,d2a0244cf362a7ee] 35296 --- [http-nio-8888-exec-8] c.b.d.b.MainController                   : Hello World from Bluewater main controller!
2022-05-11 12:43:45.017  INFO [Bluewaterdataservice,821ed566b701366f,4efa5b084d1cc20b] 17568 --- [http-nio-8890-exec-5] c.b.d.b.MainController                   : Hello World from Bluewater main controller!
2022-05-11 12:43:45.736  INFO [Bluewaterdataservice,a4ba8381b8c60642,cb2db04952cb0ffb] 7236 --- [http-nio-8891-exec-1] c.b.d.b.MainController                   : Hello World from Bluewater main controller!
2022-05-11 12:43:46.520  INFO [Bluewaterdataservice,474fc45e65d8582d,74574743996002e5] 28632 --- [http-nio-8889-exec-3] c.b.d.b.MainController                   : Hello World from Bluewater main controller!
2022-05-11 12:43:49.826  INFO [Bluewaterdataservice,3692db2342583241,2af6ef2e6f9426c4] 35296 --- [http-nio-8888-exec-7] c.b.d.b.MainController                   : Hello World from Bluewater main controller!
2022-05-11 12:43:50.301  INFO [Bluewaterdataservice,ed40f6dbafe1018c,36364af803acc113] 17568 --- [http-nio-8890-exec-6] c.b.d.b.MainController                   : Hello World from Bluewater main controller!
2022-05-11 12:43:50.756  INFO [Bluewaterdataservice,c06147fa769386cf,26921a7e8a63860f] 7236 --- [http-nio-8891-exec-2] c.b.d.b.MainController                   : Hello World from Bluewater main controller!
2022-05-11 12:43:51.281  INFO [Bluewaterdataservice,0a4ae6daee8b968b,381d53124029bb8c] 28632 --- [http-nio-8889-exec-4] c.b.d.b.MainController                   : Hello World from Bluewater main controller!
2022-05-11 12:43:51.787  INFO [Bluewaterdataservice,94824164be182cf0,724435b1331fb8cb] 35296 --- [http-nio-8888-exec-9] c.b.d.b.MainController                   : Hello World from Bluewater main controller!
2022-05-11 12:43:52.236  INFO [Bluewaterdataservice,a8da193ceae89684,3f11d157138d105b] 17568 --- [http-nio-8890-exec-7] c.b.d.b.MainController                   : Hello World from Bluewater main controller!
2022-05-11 12:43:52.678  INFO [Bluewaterdataservice,29de2808ea7ede27,5652603e1091b072] 7236 --- [http-nio-8891-exec-3] c.b.d.b.MainController                   : Hello World from Bluewater main controller!
2022-05-11 12:59:13.208  INFO [Bluewaterdataservice,,] 35296 --- [SpringApplicationShutdownHook] o.s.c.n.e.s.EurekaServiceRegistry        : Unregistering application BLUEWATERDATASERVICE with eureka with status DOWN
2022-05-11 12:59:21.933  INFO [Bluewaterdataservice,,] 28632 --- [SpringApplicationShutdownHook] o.s.c.n.e.s.EurekaServiceRegistry        : Unregistering application BLUEWATERDATASERVICE with eureka with status DOWN
2022-05-11 12:59:27.028  INFO [Bluewaterdataservice,,] 17568 --- [SpringApplicationShutdownHook] o.s.c.n.e.s.EurekaServiceRegistry        : Unregistering application BLUEWATERDATASERVICE with eureka with status DOWN
2022-05-11 13:07:33.691  INFO [Bluewaterdataservice,,] 7236 --- [SpringApplicationShutdownHook] o.s.c.n.e.s.EurekaServiceRegistry        : Unregistering application BLUEWATERDATASERVICE with eureka with status DOWN
